<?xml version="1.0" encoding="UTF-8"?>
<robot generator="Robot 7.4.2 (Python 3.14.0 on win32)" generated="2026-05-20T14:27:47.886249" rpa="false" schemaversion="5">
<suite id="s1" name="Tests" source="C:\Users\ADMIN\PycharmProjects\auto_test\Tests">
<suite id="s1-s1" name="Cart" source="C:\Users\ADMIN\PycharmProjects\auto_test\Tests\Cart.robot">
<kw name="Open Nhen Website" owner="Common" type="SETUP">
<kw name="Evaluate" owner="BuiltIn">
<msg time="2026-05-20T14:27:48.460230" level="INFO">${options} = &lt;selenium.webdriver.chrome.options.Options object at 0x000002802D256BA0&gt;</msg>
<var>${options}</var>
<arg>sys.modules['selenium.webdriver'].ChromeOptions()</arg>
<arg>sys</arg>
<doc>Evaluates the given expression in Python and returns the result.</doc>
<status status="PASS" start="2026-05-20T14:27:48.454529" elapsed="0.005813"/>
</kw>
<kw name="Call Method" owner="BuiltIn">
<arg>${options}</arg>
<arg>add_argument</arg>
<arg>--disable-dev-shm-usage</arg>
<doc>Calls the named method of the given object with the provided arguments.</doc>
<status status="PASS" start="2026-05-20T14:27:48.460950" elapsed="0.000817"/>
</kw>
<kw name="Call Method" owner="BuiltIn">
<arg>${options}</arg>
<arg>add_argument</arg>
<arg>--no-sandbox</arg>
<doc>Calls the named method of the given object with the provided arguments.</doc>
<status status="PASS" start="2026-05-20T14:27:48.462021" elapsed="0.000650"/>
</kw>
<kw name="Open Browser" owner="SeleniumLibrary">
<msg time="2026-05-20T14:27:48.463635" level="INFO">Opening browser 'chrome' to base url 'https://nhen.vn'.</msg>
<arg>${BASE_URL}</arg>
<arg>${BROWSER}</arg>
<arg>options=${options}</arg>
<doc>Opens a new browser instance to the optional ``url``.</doc>
<status status="PASS" start="2026-05-20T14:27:48.463150" elapsed="32.547597"/>
</kw>
<kw name="Maximize Browser Window" owner="SeleniumLibrary">
<doc>Maximizes current browser window.</doc>
<status status="PASS" start="2026-05-20T14:28:21.011316" elapsed="0.158711"/>
</kw>
<kw name="Set Selenium Timeout" owner="SeleniumLibrary">
<arg>${TIMEOUT}</arg>
<doc>Sets the timeout that is used by various keywords.</doc>
<status status="PASS" start="2026-05-20T14:28:21.170523" elapsed="0.012214"/>
</kw>
<kw name="Wait For Page Ready" owner="Common">
<kw name="Sleep" owner="BuiltIn">
<msg time="2026-05-20T14:28:22.684839" level="INFO">Slept 1 second 500 milliseconds.</msg>
<arg>1.5s</arg>
<doc>Pauses the test executed for the given time.</doc>
<status status="PASS" start="2026-05-20T14:28:21.183954" elapsed="1.501156"/>
</kw>
<kw name="Wait Until Keyword Succeeds" owner="BuiltIn">
<kw name="Execute Javascript" owner="SeleniumLibrary">
<msg time="2026-05-20T14:28:22.687069" level="INFO">Executing JavaScript:
return document.readyState == 'complete'
Without any arguments.</msg>
<arg>return document.readyState == 'complete'</arg>
<doc>Executes the given JavaScript code with possible arguments.</doc>
<status status="PASS" start="2026-05-20T14:28:22.686730" elapsed="0.014403"/>
</kw>
<arg>10x</arg>
<arg>1s</arg>
<arg>Execute Javascript</arg>
<arg>return document.readyState == 'complete'</arg>
<doc>Runs the specified keyword and retries if it fails.</doc>
<status status="PASS" start="2026-05-20T14:28:22.685520" elapsed="0.015807"/>
</kw>
<status status="PASS" start="2026-05-20T14:28:21.183454" elapsed="1.518300"/>
</kw>
<status status="PASS" start="2026-05-20T14:27:48.453610" elapsed="34.248503"/>
</kw>
<test id="s1-s1-t1" name="TC02_Add_Product_To_Cart" line="10">
<kw name="Delete All Cookies" owner="SeleniumLibrary" type="SETUP">
<doc>Deletes all cookies.</doc>
<status status="PASS" start="2026-05-20T14:28:22.705716" elapsed="0.138245"/>
</kw>
<kw name="Add Stable Product To Cart" owner="CartPage">
<kw name="Open Stable Product Page" owner="CartPage">
<kw name="Go To" owner="SeleniumLibrary">
<msg time="2026-05-20T14:28:22.846927" level="INFO">Opening url 'https://nhen.vn/products/ao-bong-da-manchester-united-san-nha-2026-2027-fan-ka6871'</msg>
<arg>${STABLE_PRODUCT_URL}</arg>
<doc>Navigates the current browser window to the provided ``url``.</doc>
<status status="PASS" start="2026-05-20T14:28:22.846500" elapsed="4.073237"/>
</kw>
<kw name="Wait For Page Ready" owner="Common">
<kw name="Sleep" owner="BuiltIn">
<msg time="2026-05-20T14:28:28.421909" level="INFO">Slept 1 second 500 milliseconds.</msg>
<arg>1.5s</arg>
<doc>Pauses the test executed for the given time.</doc>
<status status="PASS" start="2026-05-20T14:28:26.920458" elapsed="1.501864"/>
</kw>
<kw name="Wait Until Keyword Succeeds" owner="BuiltIn">
<kw name="Execute Javascript" owner="SeleniumLibrary">
<msg time="2026-05-20T14:28:28.425478" level="INFO">Executing JavaScript:
return document.readyState == 'complete'
Without any arguments.</msg>
<arg>return document.readyState == 'complete'</arg>
<doc>Executes the given JavaScript code with possible arguments.</doc>
<status status="PASS" start="2026-05-20T14:28:28.424860" elapsed="0.019516"/>
</kw>
<arg>10x</arg>
<arg>1s</arg>
<arg>Execute Javascript</arg>
<arg>return document.readyState == 'complete'</arg>
<doc>Runs the specified keyword and retries if it fails.</doc>
<status status="PASS" start="2026-05-20T14:28:28.423000" elapsed="0.021833"/>
</kw>
<status status="PASS" start="2026-05-20T14:28:26.920035" elapsed="1.525202"/>
</kw>
<kw name="Page Should Contain" owner="SeleniumLibrary">
<msg time="2026-05-20T14:28:28.487933" level="INFO">Current page contains text 'ÁO BÓNG ĐÁ MANCHESTER UNITED SÂN NHÀ 2026/27 CHÍNH HÃNG FAN KA6871'.</msg>
<arg>${STABLE_PRODUCT_NAME}</arg>
<doc>Verifies that current page contains ``text``.</doc>
<status status="PASS" start="2026-05-20T14:28:28.445734" elapsed="0.042316"/>
</kw>
<kw name="Page Should Contain" owner="SeleniumLibrary">
<msg time="2026-05-20T14:28:28.516780" level="INFO">Current page contains text '1,980,000'.</msg>
<arg>${STABLE_PRODUCT_PRICE}</arg>
<doc>Verifies that current page contains ``text``.</doc>
<status status="PASS" start="2026-05-20T14:28:28.488246" elapsed="0.028753"/>
</kw>
<kw name="Wait Until Page Contains Element" owner="SeleniumLibrary">
<arg>${ADD_TO_CART_BUTTON}</arg>
<arg>timeout=${TIMEOUT}</arg>
<doc>Waits until the element ``locator`` appears on the current page.</doc>
<status status="PASS" start="2026-05-20T14:28:28.517255" elapsed="0.018638"/>
</kw>
<status status="PASS" start="2026-05-20T14:28:22.845713" elapsed="5.690326"/>
</kw>
<kw name="Select Product Size If Visible" owner="CartPage">
<kw name="Run Keyword And Return Status" owner="BuiltIn">
<kw name="Wait Until Page Contains Element" owner="SeleniumLibrary">
<msg time="2026-05-20T14:28:31.856730" level="INFO" html="true">&lt;/td&gt;&lt;/tr&gt;&lt;tr&gt;&lt;td colspan="3"&gt;&lt;a href="selenium-screenshot-54.png"&gt;&lt;img src="selenium-screenshot-54.png" width="800px"&gt;&lt;/a&gt;</msg>
<msg time="2026-05-20T14:28:31.856984" level="FAIL">Element 'xpath=(//label[contains(normalize-space(.),'S(UK)')])[1]' did not appear in 3 seconds.</msg>
<arg>${PRODUCT_SIZE_LOCATOR}</arg>
<arg>timeout=3s</arg>
<doc>Waits until the element ``locator`` appears on the current page.</doc>
<status status="FAIL" start="2026-05-20T14:28:28.537172" elapsed="3.323597">Element 'xpath=(//label[contains(normalize-space(.),'S(UK)')])[1]' did not appear in 3 seconds.</status>
</kw>
<msg time="2026-05-20T14:28:31.860997" level="INFO">${size_visible} = False</msg>
<var>${size_visible}</var>
<arg>Wait Until Page Contains Element</arg>
<arg>${PRODUCT_SIZE_LOCATOR}</arg>
<arg>timeout=3s</arg>
<doc>Runs the specified keyword and returns the status as a Boolean value.</doc>
<status status="PASS" start="2026-05-20T14:28:28.536742" elapsed="3.324297"/>
</kw>
<if>
<branch type="IF" condition="${size_visible}">
<kw name="Scroll Element Into View" owner="SeleniumLibrary">
<arg>${PRODUCT_SIZE_LOCATOR}</arg>
<doc>Scrolls the element identified by ``locator`` into view.</doc>
<status status="NOT RUN" start="2026-05-20T14:28:31.861452" elapsed="0.000042"/>
</kw>
<kw name="Sleep" owner="BuiltIn">
<arg>0.3s</arg>
<doc>Pauses the test executed for the given time.</doc>
<status status="NOT RUN" start="2026-05-20T14:28:31.861621" elapsed="0.000036"/>
</kw>
<kw name="Wait And Click" owner="Common">
<arg>${PRODUCT_SIZE_LOCATOR}</arg>
<status status="NOT RUN" start="2026-05-20T14:28:31.861916" elapsed="0.000045"/>
</kw>
<kw name="Sleep" owner="BuiltIn">
<arg>0.3s</arg>
<doc>Pauses the test executed for the given time.</doc>
<status status="NOT RUN" start="2026-05-20T14:28:31.862082" elapsed="0.000035"/>
</kw>
<status status="NOT RUN" start="2026-05-20T14:28:31.861209" elapsed="0.000960"/>
</branch>
<status status="PASS" start="2026-05-20T14:28:31.861164" elapsed="0.001066"/>
</if>
<status status="PASS" start="2026-05-20T14:28:28.536410" elapsed="3.325894"/>
</kw>
<kw name="Wait And Click" owner="Common">
<kw name="Wait Until Element Is Visible" owner="SeleniumLibrary">
<arg>${locator}</arg>
<arg>timeout=${TIMEOUT}</arg>
<doc>Waits until the element ``locator`` is visible.</doc>
<status status="PASS" start="2026-05-20T14:28:31.862810" elapsed="0.030908"/>
</kw>
<kw name="Click Element" owner="SeleniumLibrary">
<msg time="2026-05-20T14:28:31.894613" level="INFO">Clicking element 'xpath=(//button[contains(translate(normalize-space(.),'abcdefghijklmnopqrstuvwxyz','ABCDEFGHIJKLMNOPQRSTUVWXYZ'),'THÊM VÀO GIỎ') or contains(@class,'add-to-cart') or @name='add'])[1]'.</msg>
<arg>${locator}</arg>
<doc>Click the element identified by ``locator``.</doc>
<status status="PASS" start="2026-05-20T14:28:31.894215" elapsed="0.135996"/>
</kw>
<arg>${ADD_TO_CART_BUTTON}</arg>
<status status="PASS" start="2026-05-20T14:28:31.862469" elapsed="0.168015"/>
</kw>
<kw name="Sleep" owner="BuiltIn">
<msg time="2026-05-20T14:28:33.532610" level="INFO">Slept 1 second 500 milliseconds.</msg>
<arg>1.5s</arg>
<doc>Pauses the test executed for the given time.</doc>
<status status="PASS" start="2026-05-20T14:28:32.030881" elapsed="1.502139"/>
</kw>
<kw name="Wait For Page Ready" owner="Common">
<kw name="Sleep" owner="BuiltIn">
<msg time="2026-05-20T14:28:35.037100" level="INFO">Slept 1 second 500 milliseconds.</msg>
<arg>1.5s</arg>
<doc>Pauses the test executed for the given time.</doc>
<status status="PASS" start="2026-05-20T14:28:33.534915" elapsed="1.502378"/>
</kw>
<kw name="Wait Until Keyword Succeeds" owner="BuiltIn">
<kw name="Execute Javascript" owner="SeleniumLibrary">
<msg time="2026-05-20T14:28:35.038578" level="INFO">Executing JavaScript:
return document.readyState == 'complete'
Without any arguments.</msg>
<arg>return document.readyState == 'complete'</arg>
<doc>Executes the given JavaScript code with possible arguments.</doc>
<status status="PASS" start="2026-05-20T14:28:35.038213" elapsed="1.920908"/>
</kw>
<arg>10x</arg>
<arg>1s</arg>
<arg>Execute Javascript</arg>
<arg>return document.readyState == 'complete'</arg>
<doc>Runs the specified keyword and retries if it fails.</doc>
<status status="PASS" start="2026-05-20T14:28:35.037520" elapsed="1.921854"/>
</kw>
<status status="PASS" start="2026-05-20T14:28:33.533786" elapsed="3.426026"/>
</kw>
<kw name="Go To" owner="SeleniumLibrary">
<msg time="2026-05-20T14:28:36.961360" level="INFO">Opening url 'https://nhen.vn/cart'</msg>
<arg>${BASE_URL}/cart</arg>
<doc>Navigates the current browser window to the provided ``url``.</doc>
<status status="PASS" start="2026-05-20T14:28:36.960841" elapsed="1.605832"/>
</kw>
<kw name="Wait For Page Ready" owner="Common">
<kw name="Sleep" owner="BuiltIn">
<msg time="2026-05-20T14:28:40.069388" level="INFO">Slept 1 second 500 milliseconds.</msg>
<arg>1.5s</arg>
<doc>Pauses the test executed for the given time.</doc>
<status status="PASS" start="2026-05-20T14:28:38.567956" elapsed="1.501566"/>
</kw>
<kw name="Wait Until Keyword Succeeds" owner="BuiltIn">
<kw name="Execute Javascript" owner="SeleniumLibrary">
<msg time="2026-05-20T14:28:40.070478" level="INFO">Executing JavaScript:
return document.readyState == 'complete'
Without any arguments.</msg>
<arg>return document.readyState == 'complete'</arg>
<doc>Executes the given JavaScript code with possible arguments.</doc>
<status status="PASS" start="2026-05-20T14:28:40.070296" elapsed="0.006402"/>
</kw>
<arg>10x</arg>
<arg>1s</arg>
<arg>Execute Javascript</arg>
<arg>return document.readyState == 'complete'</arg>
<doc>Runs the specified keyword and retries if it fails.</doc>
<status status="PASS" start="2026-05-20T14:28:40.069741" elapsed="0.007094"/>
</kw>
<status status="PASS" start="2026-05-20T14:28:38.567227" elapsed="1.509732"/>
</kw>
<status status="PASS" start="2026-05-20T14:28:22.844826" elapsed="17.232220"/>
</kw>
<kw name="Cart Should Have Product" owner="CartPage">
<kw name="Go To" owner="SeleniumLibrary">
<msg time="2026-05-20T14:28:40.078071" level="INFO">Opening url 'https://nhen.vn/cart'</msg>
<arg>${BASE_URL}/cart</arg>
<doc>Navigates the current browser window to the provided ``url``.</doc>
<status status="PASS" start="2026-05-20T14:28:40.077854" elapsed="0.600767"/>
</kw>
<kw name="Wait For Page Ready" owner="Common">
<kw name="Sleep" owner="BuiltIn">
<msg time="2026-05-20T14:28:42.181240" level="INFO">Slept 1 second 500 milliseconds.</msg>
<arg>1.5s</arg>
<doc>Pauses the test executed for the given time.</doc>
<status status="PASS" start="2026-05-20T14:28:40.679926" elapsed="1.501770"/>
</kw>
<kw name="Wait Until Keyword Succeeds" owner="BuiltIn">
<kw name="Execute Javascript" owner="SeleniumLibrary">
<msg time="2026-05-20T14:28:42.184810" level="INFO">Executing JavaScript:
return document.readyState == 'complete'
Without any arguments.</msg>
<arg>return document.readyState == 'complete'</arg>
<doc>Executes the given JavaScript code with possible arguments.</doc>
<status status="PASS" start="2026-05-20T14:28:42.184220" elapsed="1.074826"/>
</kw>
<arg>10x</arg>
<arg>1s</arg>
<arg>Execute Javascript</arg>
<arg>return document.readyState == 'complete'</arg>
<doc>Runs the specified keyword and retries if it fails.</doc>
<status status="PASS" start="2026-05-20T14:28:42.182400" elapsed="1.077304"/>
</kw>
<status status="PASS" start="2026-05-20T14:28:40.679300" elapsed="2.580775"/>
</kw>
<kw name="Page Should Contain" owner="SeleniumLibrary">
<msg time="2026-05-20T14:28:43.290828" level="INFO">Current page contains text 'ÁO BÓNG ĐÁ MANCHESTER UNITED SÂN NHÀ 2026/27 CHÍNH HÃNG FAN KA6871'.</msg>
<arg>${STABLE_PRODUCT_NAME}</arg>
<doc>Verifies that current page contains ``text``.</doc>
<status status="PASS" start="2026-05-20T14:28:43.260414" elapsed="0.030645"/>
</kw>
<kw name="Page Should Contain" owner="SeleniumLibrary">
<msg time="2026-05-20T14:28:43.316778" level="INFO">Current page contains text '1,980,000'.</msg>
<arg>${STABLE_PRODUCT_PRICE}</arg>
<doc>Verifies that current page contains ``text``.</doc>
<status status="PASS" start="2026-05-20T14:28:43.291510" elapsed="0.025523"/>
</kw>
<status status="PASS" start="2026-05-20T14:28:40.077522" elapsed="3.239788"/>
</kw>
<doc>Kiểm tra luồng cơ bản nhất: Thêm thành công một sản phẩm cố định vào giỏ hàng.</doc>
<tag>cart</tag>
<tag>demo</tag>
<tag>smoke</tag>
<status status="PASS" start="2026-05-20T14:28:22.702597" elapsed="20.615228"/>
</test>
<test id="s1-s1-t2" name="TC09_Remove_Product_From_Cart" line="16">
<kw name="Delete All Cookies" owner="SeleniumLibrary" type="SETUP">
<doc>Deletes all cookies.</doc>
<status status="PASS" start="2026-05-20T14:28:43.320659" elapsed="0.216720"/>
</kw>
<kw name="Add Stable Product To Cart" owner="CartPage">
<kw name="Open Stable Product Page" owner="CartPage">
<kw name="Go To" owner="SeleniumLibrary">
<msg time="2026-05-20T14:28:43.542526" level="INFO">Opening url 'https://nhen.vn/products/ao-bong-da-manchester-united-san-nha-2026-2027-fan-ka6871'</msg>
<arg>${STABLE_PRODUCT_URL}</arg>
<doc>Navigates the current browser window to the provided ``url``.</doc>
<status status="PASS" start="2026-05-20T14:28:43.541299" elapsed="0.307357"/>
</kw>
<kw name="Wait For Page Ready" owner="Common">
<kw name="Sleep" owner="BuiltIn">
<msg time="2026-05-20T14:28:45.353128" level="INFO">Slept 1 second 500 milliseconds.</msg>
<arg>1.5s</arg>
<doc>Pauses the test executed for the given time.</doc>
<status status="PASS" start="2026-05-20T14:28:43.852157" elapsed="1.501339"/>
</kw>
<kw name="Wait Until Keyword Succeeds" owner="BuiltIn">
<kw name="Execute Javascript" owner="SeleniumLibrary">
<msg time="2026-05-20T14:28:45.355369" level="INFO">Executing JavaScript:
return document.readyState == 'complete'
Without any arguments.</msg>
<arg>return document.readyState == 'complete'</arg>
<doc>Executes the given JavaScript code with possible arguments.</doc>
<status status="PASS" start="2026-05-20T14:28:45.355128" elapsed="0.010538"/>
</kw>
<arg>10x</arg>
<arg>1s</arg>
<arg>Execute Javascript</arg>
<arg>return document.readyState == 'complete'</arg>
<doc>Runs the specified keyword and retries if it fails.</doc>
<status status="PASS" start="2026-05-20T14:28:45.353902" elapsed="0.011903"/>
</kw>
<status status="PASS" start="2026-05-20T14:28:43.849105" elapsed="1.516817"/>
</kw>
<kw name="Page Should Contain" owner="SeleniumLibrary">
<msg time="2026-05-20T14:28:45.391199" level="INFO">Current page contains text 'ÁO BÓNG ĐÁ MANCHESTER UNITED SÂN NHÀ 2026/27 CHÍNH HÃNG FAN KA6871'.</msg>
<arg>${STABLE_PRODUCT_NAME}</arg>
<doc>Verifies that current page contains ``text``.</doc>
<status status="PASS" start="2026-05-20T14:28:45.366106" elapsed="0.025288"/>
</kw>
<kw name="Page Should Contain" owner="SeleniumLibrary">
<msg time="2026-05-20T14:28:45.420388" level="INFO">Current page contains text '1,980,000'.</msg>
<arg>${STABLE_PRODUCT_PRICE}</arg>
<doc>Verifies that current page contains ``text``.</doc>
<status status="PASS" start="2026-05-20T14:28:45.391907" elapsed="0.028665"/>
</kw>
<kw name="Wait Until Page Contains Element" owner="SeleniumLibrary">
<arg>${ADD_TO_CART_BUTTON}</arg>
<arg>timeout=${TIMEOUT}</arg>
<doc>Waits until the element ``locator`` appears on the current page.</doc>
<status status="PASS" start="2026-05-20T14:28:45.420929" elapsed="0.015146"/>
</kw>
<status status="PASS" start="2026-05-20T14:28:43.540221" elapsed="1.896089"/>
</kw>
<kw name="Select Product Size If Visible" owner="CartPage">
<kw name="Run Keyword And Return Status" owner="BuiltIn">
<kw name="Wait Until Page Contains Element" owner="SeleniumLibrary">
<msg time="2026-05-20T14:28:48.761195" level="INFO" html="true">&lt;/td&gt;&lt;/tr&gt;&lt;tr&gt;&lt;td colspan="3"&gt;&lt;a href="selenium-screenshot-55.png"&gt;&lt;img src="selenium-screenshot-55.png" width="800px"&gt;&lt;/a&gt;</msg>
<msg time="2026-05-20T14:28:48.761440" level="FAIL">Element 'xpath=(//label[contains(normalize-space(.),'S(UK)')])[1]' did not appear in 3 seconds.</msg>
<arg>${PRODUCT_SIZE_LOCATOR}</arg>
<arg>timeout=3s</arg>
<doc>Waits until the element ``locator`` appears on the current page.</doc>
<status status="FAIL" start="2026-05-20T14:28:45.438075" elapsed="3.325307">Element 'xpath=(//label[contains(normalize-space(.),'S(UK)')])[1]' did not appear in 3 seconds.</status>
</kw>
<msg time="2026-05-20T14:28:48.763673" level="INFO">${size_visible} = False</msg>
<var>${size_visible}</var>
<arg>Wait Until Page Contains Element</arg>
<arg>${PRODUCT_SIZE_LOCATOR}</arg>
<arg>timeout=3s</arg>
<doc>Runs the specified keyword and returns the status as a Boolean value.</doc>
<status status="PASS" start="2026-05-20T14:28:45.437559" elapsed="3.326177"/>
</kw>
<if>
<branch type="IF" condition="${size_visible}">
<kw name="Scroll Element Into View" owner="SeleniumLibrary">
<arg>${PRODUCT_SIZE_LOCATOR}</arg>
<doc>Scrolls the element identified by ``locator`` into view.</doc>
<status status="NOT RUN" start="2026-05-20T14:28:48.764303" elapsed="0.000061"/>
</kw>
<kw name="Sleep" owner="BuiltIn">
<arg>0.3s</arg>
<doc>Pauses the test executed for the given time.</doc>
<status status="NOT RUN" start="2026-05-20T14:28:48.764558" elapsed="0.000054"/>
</kw>
<kw name="Wait And Click" owner="Common">
<arg>${PRODUCT_SIZE_LOCATOR}</arg>
<status status="NOT RUN" start="2026-05-20T14:28:48.764882" elapsed="0.000060"/>
</kw>
<kw name="Sleep" owner="BuiltIn">
<arg>0.3s</arg>
<doc>Pauses the test executed for the given time.</doc>
<status status="NOT RUN" start="2026-05-20T14:28:48.765119" elapsed="0.000053"/>
</kw>
<status status="NOT RUN" start="2026-05-20T14:28:48.763956" elapsed="0.001316"/>
</branch>
<status status="PASS" start="2026-05-20T14:28:48.763900" elapsed="0.001542"/>
</if>
<status status="PASS" start="2026-05-20T14:28:45.436852" elapsed="3.328698"/>
</kw>
<kw name="Wait And Click" owner="Common">
<kw name="Wait Until Element Is Visible" owner="SeleniumLibrary">
<arg>${locator}</arg>
<arg>timeout=${TIMEOUT}</arg>
<doc>Waits until the element ``locator`` is visible.</doc>
<status status="PASS" start="2026-05-20T14:28:48.766412" elapsed="0.024818"/>
</kw>
<kw name="Click Element" owner="SeleniumLibrary">
<msg time="2026-05-20T14:28:48.792085" level="INFO">Clicking element 'xpath=(//button[contains(translate(normalize-space(.),'abcdefghijklmnopqrstuvwxyz','ABCDEFGHIJKLMNOPQRSTUVWXYZ'),'THÊM VÀO GIỎ') or contains(@class,'add-to-cart') or @name='add'])[1]'.</msg>
<arg>${locator}</arg>
<doc>Click the element identified by ``locator``.</doc>
<status status="PASS" start="2026-05-20T14:28:48.791691" elapsed="0.097063"/>
</kw>
<arg>${ADD_TO_CART_BUTTON}</arg>
<status status="PASS" start="2026-05-20T14:28:48.765802" elapsed="0.123152"/>
</kw>
<kw name="Sleep" owner="BuiltIn">
<msg time="2026-05-20T14:28:50.390031" level="INFO">Slept 1 second 500 milliseconds.</msg>
<arg>1.5s</arg>
<doc>Pauses the test executed for the given time.</doc>
<status status="PASS" start="2026-05-20T14:28:48.889191" elapsed="1.501066"/>
</kw>
<kw name="Wait For Page Ready" owner="Common">
<kw name="Sleep" owner="BuiltIn">
<msg time="2026-05-20T14:28:51.893109" level="INFO">Slept 1 second 500 milliseconds.</msg>
<arg>1.5s</arg>
<doc>Pauses the test executed for the given time.</doc>
<status status="PASS" start="2026-05-20T14:28:50.391690" elapsed="1.501795"/>
</kw>
<kw name="Wait Until Keyword Succeeds" owner="BuiltIn">
<kw name="Execute Javascript" owner="SeleniumLibrary">
<msg time="2026-05-20T14:28:51.896496" level="INFO">Executing JavaScript:
return document.readyState == 'complete'
Without any arguments.</msg>
<arg>return document.readyState == 'complete'</arg>
<doc>Executes the given JavaScript code with possible arguments.</doc>
<status status="PASS" start="2026-05-20T14:28:51.895931" elapsed="0.010067"/>
</kw>
<arg>10x</arg>
<arg>1s</arg>
<arg>Execute Javascript</arg>
<arg>return document.readyState == 'complete'</arg>
<doc>Runs the specified keyword and retries if it fails.</doc>
<status status="PASS" start="2026-05-20T14:28:51.894114" elapsed="0.012067"/>
</kw>
<status status="PASS" start="2026-05-20T14:28:50.390732" elapsed="1.515571"/>
</kw>
<kw name="Go To" owner="SeleniumLibrary">
<msg time="2026-05-20T14:28:51.906728" level="INFO">Opening url 'https://nhen.vn/cart'</msg>
<arg>${BASE_URL}/cart</arg>
<doc>Navigates the current browser window to the provided ``url``.</doc>
<status status="PASS" start="2026-05-20T14:28:51.906483" elapsed="1.553288"/>
</kw>
<kw name="Wait For Page Ready" owner="Common">
<kw name="Sleep" owner="BuiltIn">
<msg time="2026-05-20T14:28:54.964504" level="INFO">Slept 1 second 500 milliseconds.</msg>
<arg>1.5s</arg>
<doc>Pauses the test executed for the given time.</doc>
<status status="PASS" start="2026-05-20T14:28:53.462661" elapsed="1.502220"/>
</kw>
<kw name="Wait Until Keyword Succeeds" owner="BuiltIn">
<kw name="Execute Javascript" owner="SeleniumLibrary">
<msg time="2026-05-20T14:28:54.967788" level="INFO">Executing JavaScript:
return document.readyState == 'complete'
Without any arguments.</msg>
<arg>return document.readyState == 'complete'</arg>
<doc>Executes the given JavaScript code with possible arguments.</doc>
<status status="PASS" start="2026-05-20T14:28:54.967227" elapsed="0.018632"/>
</kw>
<arg>10x</arg>
<arg>1s</arg>
<arg>Execute Javascript</arg>
<arg>return document.readyState == 'complete'</arg>
<doc>Runs the specified keyword and retries if it fails.</doc>
<status status="PASS" start="2026-05-20T14:28:54.965506" elapsed="0.020716"/>
</kw>
<status status="PASS" start="2026-05-20T14:28:53.461388" elapsed="1.525360"/>
</kw>
<status status="PASS" start="2026-05-20T14:28:43.538632" elapsed="11.448381"/>
</kw>
<kw name="Remove First Item In Cart" owner="CartPage">
<kw name="Go To" owner="SeleniumLibrary">
<msg time="2026-05-20T14:28:54.990142" level="INFO">Opening url 'https://nhen.vn/cart'</msg>
<arg>${BASE_URL}/cart</arg>
<doc>Navigates the current browser window to the provided ``url``.</doc>
<status status="PASS" start="2026-05-20T14:28:54.989560" elapsed="1.744897"/>
</kw>
<kw name="Wait For Page Ready" owner="Common">
<kw name="Sleep" owner="BuiltIn">
<msg time="2026-05-20T14:28:58.237375" level="INFO">Slept 1 second 500 milliseconds.</msg>
<arg>1.5s</arg>
<doc>Pauses the test executed for the given time.</doc>
<status status="PASS" start="2026-05-20T14:28:56.735986" elapsed="1.501801"/>
</kw>
<kw name="Wait Until Keyword Succeeds" owner="BuiltIn">
<kw name="Execute Javascript" owner="SeleniumLibrary">
<msg time="2026-05-20T14:28:58.243422" level="INFO">Executing JavaScript:
return document.readyState == 'complete'
Without any arguments.</msg>
<arg>return document.readyState == 'complete'</arg>
<doc>Executes the given JavaScript code with possible arguments.</doc>
<status status="PASS" start="2026-05-20T14:28:58.242658" elapsed="0.018288"/>
</kw>
<arg>10x</arg>
<arg>1s</arg>
<arg>Execute Javascript</arg>
<arg>return document.readyState == 'complete'</arg>
<doc>Runs the specified keyword and retries if it fails.</doc>
<status status="PASS" start="2026-05-20T14:28:58.238539" elapsed="0.022693"/>
</kw>
<status status="PASS" start="2026-05-20T14:28:56.735006" elapsed="1.526513"/>
</kw>
<kw name="Run Keyword And Return Status" owner="BuiltIn">
<kw name="Wait Until Page Contains Element" owner="SeleniumLibrary">
<arg>${REMOVE_BUTTON}</arg>
<arg>timeout=5s</arg>
<doc>Waits until the element ``locator`` appears on the current page.</doc>
<status status="PASS" start="2026-05-20T14:28:58.262930" elapsed="0.021177"/>
</kw>
<msg time="2026-05-20T14:28:58.284314" level="INFO">${remove_visible} = True</msg>
<var>${remove_visible}</var>
<arg>Wait Until Page Contains Element</arg>
<arg>${REMOVE_BUTTON}</arg>
<arg>timeout=5s</arg>
<doc>Runs the specified keyword and returns the status as a Boolean value.</doc>
<status status="PASS" start="2026-05-20T14:28:58.261955" elapsed="0.022406"/>
</kw>
<if>
<branch type="IF" condition="${remove_visible}">
<kw name="Wait And Click" owner="Common">
<kw name="Wait Until Element Is Visible" owner="SeleniumLibrary">
<arg>${locator}</arg>
<arg>timeout=${TIMEOUT}</arg>
<doc>Waits until the element ``locator`` is visible.</doc>
<status status="PASS" start="2026-05-20T14:28:58.285212" elapsed="0.022533"/>
</kw>
<kw name="Click Element" owner="SeleniumLibrary">
<msg time="2026-05-20T14:28:58.308300" level="INFO">Clicking element 'xpath=(//a[contains(@title,'Xóa') or contains(@class,'remove') or contains(@href,'change')])[1]'.</msg>
<arg>${locator}</arg>
<doc>Click the element identified by ``locator``.</doc>
<status status="PASS" start="2026-05-20T14:28:58.307983" elapsed="0.113755"/>
</kw>
<arg>${REMOVE_BUTTON}</arg>
<status status="PASS" start="2026-05-20T14:28:58.284807" elapsed="0.137467"/>
</kw>
<status status="PASS" start="2026-05-20T14:28:58.284519" elapsed="0.138353"/>
</branch>
<branch type="ELSE">
<kw name="Delete All Cookies" owner="SeleniumLibrary">
<doc>Deletes all cookies.</doc>
<status status="NOT RUN" start="2026-05-20T14:28:58.424204" elapsed="0.000168"/>
</kw>
<kw name="Reload Page" owner="SeleniumLibrary">
<doc>Simulates user reloading page.</doc>
<status status="NOT RUN" start="2026-05-20T14:28:58.424967" elapsed="0.000108"/>
</kw>
<status status="NOT RUN" start="2026-05-20T14:28:58.423716" elapsed="0.001537"/>
</branch>
<status status="PASS" start="2026-05-20T14:28:58.284484" elapsed="0.140896"/>
</if>
<kw name="Wait For Page Ready" owner="Common">
<kw name="Sleep" owner="BuiltIn">
<msg time="2026-05-20T14:28:59.927207" level="INFO">Slept 1 second 500 milliseconds.</msg>
<arg>1.5s</arg>
<doc>Pauses the test executed for the given time.</doc>
<status status="PASS" start="2026-05-20T14:28:58.426085" elapsed="1.501265"/>
</kw>
<kw name="Wait Until Keyword Succeeds" owner="BuiltIn">
<kw name="Execute Javascript" owner="SeleniumLibrary">
<msg time="2026-05-20T14:28:59.928571" level="INFO">Executing JavaScript:
return document.readyState == 'complete'
Without any arguments.</msg>
<arg>return document.readyState == 'complete'</arg>
<doc>Executes the given JavaScript code with possible arguments.</doc>
<status status="PASS" start="2026-05-20T14:28:59.928383" elapsed="0.007447"/>
</kw>
<arg>10x</arg>
<arg>1s</arg>
<arg>Execute Javascript</arg>
<arg>return document.readyState == 'complete'</arg>
<doc>Runs the specified keyword and retries if it fails.</doc>
<status status="PASS" start="2026-05-20T14:28:59.927612" elapsed="0.008365"/>
</kw>
<status status="PASS" start="2026-05-20T14:28:58.425656" elapsed="1.510443"/>
</kw>
<status status="PASS" start="2026-05-20T14:28:54.988507" elapsed="4.947678"/>
</kw>
<kw name="Cart Should Be Empty" owner="CartPage">
<kw name="Go To" owner="SeleniumLibrary">
<msg time="2026-05-20T14:28:59.937136" level="INFO">Opening url 'https://nhen.vn/cart'</msg>
<arg>${BASE_URL}/cart</arg>
<doc>Navigates the current browser window to the provided ``url``.</doc>
<status status="PASS" start="2026-05-20T14:28:59.936950" elapsed="0.996894"/>
</kw>
<kw name="Wait For Page Ready" owner="Common">
<kw name="Sleep" owner="BuiltIn">
<msg time="2026-05-20T14:29:02.437210" level="INFO">Slept 1 second 500 milliseconds.</msg>
<arg>1.5s</arg>
<doc>Pauses the test executed for the given time.</doc>
<status status="PASS" start="2026-05-20T14:29:00.934730" elapsed="1.502840"/>
</kw>
<kw name="Wait Until Keyword Succeeds" owner="BuiltIn">
<kw name="Execute Javascript" owner="SeleniumLibrary">
<msg time="2026-05-20T14:29:02.441713" level="INFO">Executing JavaScript:
return document.readyState == 'complete'
Without any arguments.</msg>
<arg>return document.readyState == 'complete'</arg>
<doc>Executes the given JavaScript code with possible arguments.</doc>
<status status="PASS" start="2026-05-20T14:29:02.440821" elapsed="0.020729"/>
</kw>
<arg>10x</arg>
<arg>1s</arg>
<arg>Execute Javascript</arg>
<arg>return document.readyState == 'complete'</arg>
<doc>Runs the specified keyword and retries if it fails.</doc>
<status status="PASS" start="2026-05-20T14:29:02.438241" elapsed="0.023677"/>
</kw>
<status status="PASS" start="2026-05-20T14:29:00.934219" elapsed="1.528082"/>
</kw>
<kw name="Wait Until Page Contains Element" owner="SeleniumLibrary">
<arg>${EMPTY_CART_TEXT}</arg>
<arg>timeout=${TIMEOUT}</arg>
<doc>Waits until the element ``locator`` appears on the current page.</doc>
<status status="PASS" start="2026-05-20T14:29:02.462804" elapsed="0.044922"/>
</kw>
<kw name="Page Should Contain" owner="SeleniumLibrary">
<msg time="2026-05-20T14:29:02.529215" level="INFO">Current page contains text 'Hổng'.</msg>
<arg>Hổng</arg>
<doc>Verifies that current page contains ``text``.</doc>
<status status="PASS" start="2026-05-20T14:29:02.507946" elapsed="0.021389"/>
</kw>
<status status="PASS" start="2026-05-20T14:28:59.936626" elapsed="2.592900"/>
</kw>
<doc>Kiểm tra tính năng quản lý trạng thái: Xóa sản phẩm ra khỏi giỏ hàng và xác minh giỏ hàng trở về trạng thái trống.</doc>
<tag>cart</tag>
<tag>demo</tag>
<tag>regression</tag>
<status status="PASS" start="2026-05-20T14:28:43.318983" elapsed="19.210946"/>
</test>
<test id="s1-s1-t3" name="TC14_Go_To_Checkout_Page" line="23">
<kw name="Delete All Cookies" owner="SeleniumLibrary" type="SETUP">
<doc>Deletes all cookies.</doc>
<status status="PASS" start="2026-05-20T14:29:02.532980" elapsed="0.209619"/>
</kw>
<kw name="Add Stable Product To Cart" owner="CartPage">
<kw name="Open Stable Product Page" owner="CartPage">
<kw name="Go To" owner="SeleniumLibrary">
<msg time="2026-05-20T14:29:02.744174" level="INFO">Opening url 'https://nhen.vn/products/ao-bong-da-manchester-united-san-nha-2026-2027-fan-ka6871'</msg>
<arg>${STABLE_PRODUCT_URL}</arg>
<doc>Navigates the current browser window to the provided ``url``.</doc>
<status status="PASS" start="2026-05-20T14:29:02.743967" elapsed="5.880684"/>
</kw>
<kw name="Wait For Page Ready" owner="Common">
<kw name="Sleep" owner="BuiltIn">
<msg time="2026-05-20T14:29:10.126847" level="INFO">Slept 1 second 500 milliseconds.</msg>
<arg>1.5s</arg>
<doc>Pauses the test executed for the given time.</doc>
<status status="PASS" start="2026-05-20T14:29:08.625466" elapsed="1.501746"/>
</kw>
<kw name="Wait Until Keyword Succeeds" owner="BuiltIn">
<kw name="Execute Javascript" owner="SeleniumLibrary">
<msg time="2026-05-20T14:29:10.130188" level="INFO">Executing JavaScript:
return document.readyState == 'complete'
Without any arguments.</msg>
<arg>return document.readyState == 'complete'</arg>
<doc>Executes the given JavaScript code with possible arguments.</doc>
<status status="PASS" start="2026-05-20T14:29:10.129578" elapsed="0.019423"/>
</kw>
<arg>10x</arg>
<arg>1s</arg>
<arg>Execute Javascript</arg>
<arg>return document.readyState == 'complete'</arg>
<doc>Runs the specified keyword and retries if it fails.</doc>
<status status="PASS" start="2026-05-20T14:29:10.127893" elapsed="0.021470"/>
</kw>
<status status="PASS" start="2026-05-20T14:29:08.624961" elapsed="1.524790"/>
</kw>
<kw name="Page Should Contain" owner="SeleniumLibrary">
<msg time="2026-05-20T14:29:10.192780" level="INFO">Current page contains text 'ÁO BÓNG ĐÁ MANCHESTER UNITED SÂN NHÀ 2026/27 CHÍNH HÃNG FAN KA6871'.</msg>
<arg>${STABLE_PRODUCT_NAME}</arg>
<doc>Verifies that current page contains ``text``.</doc>
<status status="PASS" start="2026-05-20T14:29:10.150249" elapsed="0.042645"/>
</kw>
<kw name="Page Should Contain" owner="SeleniumLibrary">
<msg time="2026-05-20T14:29:10.214914" level="INFO">Current page contains text '1,980,000'.</msg>
<arg>${STABLE_PRODUCT_PRICE}</arg>
<doc>Verifies that current page contains ``text``.</doc>
<status status="PASS" start="2026-05-20T14:29:10.193088" elapsed="0.021953"/>
</kw>
<kw name="Wait Until Page Contains Element" owner="SeleniumLibrary">
<arg>${ADD_TO_CART_BUTTON}</arg>
<arg>timeout=${TIMEOUT}</arg>
<doc>Waits until the element ``locator`` appears on the current page.</doc>
<status status="PASS" start="2026-05-20T14:29:10.215477" elapsed="0.013042"/>
</kw>
<status status="PASS" start="2026-05-20T14:29:02.743589" elapsed="7.485231"/>
</kw>
<kw name="Select Product Size If Visible" owner="CartPage">
<kw name="Run Keyword And Return Status" owner="BuiltIn">
<kw name="Wait Until Page Contains Element" owner="SeleniumLibrary">
<msg time="2026-05-20T14:29:13.556414" level="INFO" html="true">&lt;/td&gt;&lt;/tr&gt;&lt;tr&gt;&lt;td colspan="3"&gt;&lt;a href="selenium-screenshot-56.png"&gt;&lt;img src="selenium-screenshot-56.png" width="800px"&gt;&lt;/a&gt;</msg>
<msg time="2026-05-20T14:29:13.556667" level="FAIL">Element 'xpath=(//label[contains(normalize-space(.),'S(UK)')])[1]' did not appear in 3 seconds.</msg>
<arg>${PRODUCT_SIZE_LOCATOR}</arg>
<arg>timeout=3s</arg>
<doc>Waits until the element ``locator`` appears on the current page.</doc>
<status status="FAIL" start="2026-05-20T14:29:10.230246" elapsed="3.328632">Element 'xpath=(//label[contains(normalize-space(.),'S(UK)')])[1]' did not appear in 3 seconds.</status>
</kw>
<msg time="2026-05-20T14:29:13.559116" level="INFO">${size_visible} = False</msg>
<var>${size_visible}</var>
<arg>Wait Until Page Contains Element</arg>
<arg>${PRODUCT_SIZE_LOCATOR}</arg>
<arg>timeout=3s</arg>
<doc>Runs the specified keyword and returns the status as a Boolean value.</doc>
<status status="PASS" start="2026-05-20T14:29:10.229783" elapsed="3.329382"/>
</kw>
<if>
<branch type="IF" condition="${size_visible}">
<kw name="Scroll Element Into View" owner="SeleniumLibrary">
<arg>${PRODUCT_SIZE_LOCATOR}</arg>
<doc>Scrolls the element identified by ``locator`` into view.</doc>
<status status="NOT RUN" start="2026-05-20T14:29:13.559516" elapsed="0.000040"/>
</kw>
<kw name="Sleep" owner="BuiltIn">
<arg>0.3s</arg>
<doc>Pauses the test executed for the given time.</doc>
<status status="NOT RUN" start="2026-05-20T14:29:13.559718" elapsed="0.000036"/>
</kw>
<kw name="Wait And Click" owner="Common">
<arg>${PRODUCT_SIZE_LOCATOR}</arg>
<status status="NOT RUN" start="2026-05-20T14:29:13.559936" elapsed="0.000041"/>
</kw>
<kw name="Sleep" owner="BuiltIn">
<arg>0.3s</arg>
<doc>Pauses the test executed for the given time.</doc>
<status status="NOT RUN" start="2026-05-20T14:29:13.560092" elapsed="0.000035"/>
</kw>
<status status="NOT RUN" start="2026-05-20T14:29:13.559304" elapsed="0.000872"/>
</branch>
<status status="PASS" start="2026-05-20T14:29:13.559271" elapsed="0.000957"/>
</if>
<status status="PASS" start="2026-05-20T14:29:10.229299" elapsed="3.330995"/>
</kw>
<kw name="Wait And Click" owner="Common">
<kw name="Wait Until Element Is Visible" owner="SeleniumLibrary">
<arg>${locator}</arg>
<arg>timeout=${TIMEOUT}</arg>
<doc>Waits until the element ``locator`` is visible.</doc>
<status status="PASS" start="2026-05-20T14:29:13.560825" elapsed="0.023871"/>
</kw>
<kw name="Click Element" owner="SeleniumLibrary">
<msg time="2026-05-20T14:29:13.585242" level="INFO">Clicking element 'xpath=(//button[contains(translate(normalize-space(.),'abcdefghijklmnopqrstuvwxyz','ABCDEFGHIJKLMNOPQRSTUVWXYZ'),'THÊM VÀO GIỎ') or contains(@class,'add-to-cart') or @name='add'])[1]'.</msg>
<arg>${locator}</arg>
<doc>Click the element identified by ``locator``.</doc>
<status status="PASS" start="2026-05-20T14:29:13.584916" elapsed="0.101087"/>
</kw>
<arg>${ADD_TO_CART_BUTTON}</arg>
<status status="PASS" start="2026-05-20T14:29:13.560450" elapsed="0.125716"/>
</kw>
<kw name="Sleep" owner="BuiltIn">
<msg time="2026-05-20T14:29:15.187388" level="INFO">Slept 1 second 500 milliseconds.</msg>
<arg>1.5s</arg>
<doc>Pauses the test executed for the given time.</doc>
<status status="PASS" start="2026-05-20T14:29:13.686344" elapsed="1.501177"/>
</kw>
<kw name="Wait For Page Ready" owner="Common">
<kw name="Sleep" owner="BuiltIn">
<msg time="2026-05-20T14:29:16.689570" level="INFO">Slept 1 second 500 milliseconds.</msg>
<arg>1.5s</arg>
<doc>Pauses the test executed for the given time.</doc>
<status status="PASS" start="2026-05-20T14:29:15.188110" elapsed="1.502080"/>
</kw>
<kw name="Wait Until Keyword Succeeds" owner="BuiltIn">
<kw name="Execute Javascript" owner="SeleniumLibrary">
<msg time="2026-05-20T14:29:16.693204" level="INFO">Executing JavaScript:
return document.readyState == 'complete'
Without any arguments.</msg>
<arg>return document.readyState == 'complete'</arg>
<doc>Executes the given JavaScript code with possible arguments.</doc>
<status status="PASS" start="2026-05-20T14:29:16.692615" elapsed="0.023557"/>
</kw>
<arg>10x</arg>
<arg>1s</arg>
<arg>Execute Javascript</arg>
<arg>return document.readyState == 'complete'</arg>
<doc>Runs the specified keyword and retries if it fails.</doc>
<status status="PASS" start="2026-05-20T14:29:16.690820" elapsed="0.025713"/>
</kw>
<status status="PASS" start="2026-05-20T14:29:15.187785" elapsed="1.529155"/>
</kw>
<kw name="Go To" owner="SeleniumLibrary">
<msg time="2026-05-20T14:29:16.718098" level="INFO">Opening url 'https://nhen.vn/cart'</msg>
<arg>${BASE_URL}/cart</arg>
<doc>Navigates the current browser window to the provided ``url``.</doc>
<status status="PASS" start="2026-05-20T14:29:16.717447" elapsed="1.529493"/>
</kw>
<kw name="Wait For Page Ready" owner="Common">
<kw name="Sleep" owner="BuiltIn">
<msg time="2026-05-20T14:29:19.754400" level="INFO">Slept 1 second 500 milliseconds.</msg>
<arg>1.5s</arg>
<doc>Pauses the test executed for the given time.</doc>
<status status="PASS" start="2026-05-20T14:29:18.251639" elapsed="1.503124"/>
</kw>
<kw name="Wait Until Keyword Succeeds" owner="BuiltIn">
<kw name="Execute Javascript" owner="SeleniumLibrary">
<msg time="2026-05-20T14:29:19.758797" level="INFO">Executing JavaScript:
return document.readyState == 'complete'
Without any arguments.</msg>
<arg>return document.readyState == 'complete'</arg>
<doc>Executes the given JavaScript code with possible arguments.</doc>
<status status="PASS" start="2026-05-20T14:29:19.757850" elapsed="0.018613"/>
</kw>
<arg>10x</arg>
<arg>1s</arg>
<arg>Execute Javascript</arg>
<arg>return document.readyState == 'complete'</arg>
<doc>Runs the specified keyword and retries if it fails.</doc>
<status status="PASS" start="2026-05-20T14:29:19.755459" elapsed="0.021369"/>
</kw>
<status status="PASS" start="2026-05-20T14:29:18.248819" elapsed="1.528398"/>
</kw>
<status status="PASS" start="2026-05-20T14:29:02.743173" elapsed="17.034302"/>
</kw>
<kw name="Go To Checkout Page Without Completing Order" owner="CartPage">
<kw name="Go To" owner="SeleniumLibrary">
<msg time="2026-05-20T14:29:19.780350" level="INFO">Opening url 'https://nhen.vn/cart'</msg>
<arg>${BASE_URL}/cart</arg>
<doc>Navigates the current browser window to the provided ``url``.</doc>
<status status="PASS" start="2026-05-20T14:29:19.779775" elapsed="0.304981"/>
</kw>
<kw name="Wait For Page Ready" owner="Common">
<kw name="Sleep" owner="BuiltIn">
<msg time="2026-05-20T14:29:21.590425" level="INFO">Slept 1 second 500 milliseconds.</msg>
<arg>1.5s</arg>
<doc>Pauses the test executed for the given time.</doc>
<status status="PASS" start="2026-05-20T14:29:20.087649" elapsed="1.503165"/>
</kw>
<kw name="Wait Until Keyword Succeeds" owner="BuiltIn">
<kw name="Execute Javascript" owner="SeleniumLibrary">
<msg time="2026-05-20T14:29:21.593747" level="INFO">Executing JavaScript:
return document.readyState == 'complete'
Without any arguments.</msg>
<arg>return document.readyState == 'complete'</arg>
<doc>Executes the given JavaScript code with possible arguments.</doc>
<status status="PASS" start="2026-05-20T14:29:21.593142" elapsed="0.023029"/>
</kw>
<arg>10x</arg>
<arg>1s</arg>
<arg>Execute Javascript</arg>
<arg>return document.readyState == 'complete'</arg>
<doc>Runs the specified keyword and retries if it fails.</doc>
<status status="PASS" start="2026-05-20T14:29:21.591465" elapsed="0.025068"/>
</kw>
<status status="PASS" start="2026-05-20T14:29:20.085885" elapsed="1.531032"/>
</kw>
<kw name="Wait And Click" owner="Common">
<kw name="Wait Until Element Is Visible" owner="SeleniumLibrary">
<arg>${locator}</arg>
<arg>timeout=${TIMEOUT}</arg>
<doc>Waits until the element ``locator`` is visible.</doc>
<status status="PASS" start="2026-05-20T14:29:21.618725" elapsed="0.055591"/>
</kw>
<kw name="Click Element" owner="SeleniumLibrary">
<msg time="2026-05-20T14:29:21.674841" level="INFO">Clicking element 'xpath=(//button[contains(normalize-space(.),'Tiến hành thanh toán') or contains(normalize-space(.),'Thanh toán') or contains(@class,'checkout')])[1]'.</msg>
<arg>${locator}</arg>
<doc>Click the element identified by ``locator``.</doc>
<status status="PASS" start="2026-05-20T14:29:21.674529" elapsed="0.101995"/>
</kw>
<arg>${CHECKOUT_BUTTON}</arg>
<status status="PASS" start="2026-05-20T14:29:21.617553" elapsed="0.159278"/>
</kw>
<kw name="Wait For Page Ready" owner="Common">
<kw name="Sleep" owner="BuiltIn">
<msg time="2026-05-20T14:29:23.279320" level="INFO">Slept 1 second 500 milliseconds.</msg>
<arg>1.5s</arg>
<doc>Pauses the test executed for the given time.</doc>
<status status="PASS" start="2026-05-20T14:29:21.777867" elapsed="1.502320"/>
</kw>
<kw name="Wait Until Keyword Succeeds" owner="BuiltIn">
<kw name="Execute Javascript" owner="SeleniumLibrary">
<msg time="2026-05-20T14:29:23.284104" level="INFO">Executing JavaScript:
return document.readyState == 'complete'
Without any arguments.</msg>
<arg>return document.readyState == 'complete'</arg>
<doc>Executes the given JavaScript code with possible arguments.</doc>
<status status="PASS" start="2026-05-20T14:29:23.283443" elapsed="0.598714"/>
</kw>
<arg>10x</arg>
<arg>1s</arg>
<arg>Execute Javascript</arg>
<arg>return document.readyState == 'complete'</arg>
<doc>Runs the specified keyword and retries if it fails.</doc>
<status status="PASS" start="2026-05-20T14:29:23.281327" elapsed="0.600950"/>
</kw>
<status status="PASS" start="2026-05-20T14:29:21.777207" elapsed="2.105175"/>
</kw>
<kw name="Location Should Contain" owner="SeleniumLibrary">
<msg time="2026-05-20T14:29:23.890604" level="INFO">Current location contains '/checkout'.</msg>
<arg>/checkout</arg>
<doc>Verifies that the current URL contains ``expected``.</doc>
<status status="PASS" start="2026-05-20T14:29:23.882549" elapsed="0.008242"/>
</kw>
<status status="PASS" start="2026-05-20T14:29:19.778754" elapsed="4.112271"/>
</kw>
<doc>Kiểm tra luồng End-to-End: Bấm nút Thanh toán và chuyển hướng an toàn sang trang Checkout của hệ thống.</doc>
<tag>cart</tag>
<tag>checkout</tag>
<tag>demo</tag>
<status status="PASS" start="2026-05-20T14:29:02.531360" elapsed="21.360353"/>
</test>
<kw name="Close Nhen Website" owner="Common" type="TEARDOWN">
<kw name="Close Browser" owner="SeleniumLibrary">
<doc>Closes the current browser.</doc>
<status status="PASS" start="2026-05-20T14:29:23.894030" elapsed="3.259099"/>
</kw>
<status status="PASS" start="2026-05-20T14:29:23.893446" elapsed="3.260141"/>
</kw>
<status status="PASS" start="2026-05-20T14:27:47.948861" elapsed="99.204925"/>
</suite>
<suite id="s1-s2" name="FilterSort" source="C:\Users\ADMIN\PycharmProjects\auto_test\Tests\FilterSort.robot">
<kw name="Open Nhen Website" owner="Common" type="SETUP">
<kw name="Evaluate" owner="BuiltIn">
<msg time="2026-05-20T14:29:27.216420" level="INFO">${options} = &lt;selenium.webdriver.chrome.options.Options object at 0x000002802CB39090&gt;</msg>
<var>${options}</var>
<arg>sys.modules['selenium.webdriver'].ChromeOptions()</arg>
<arg>sys</arg>
<doc>Evaluates the given expression in Python and returns the result.</doc>
<status status="PASS" start="2026-05-20T14:29:27.215430" elapsed="0.001078"/>
</kw>
<kw name="Call Method" owner="BuiltIn">
<arg>${options}</arg>
<arg>add_argument</arg>
<arg>--disable-dev-shm-usage</arg>
<doc>Calls the named method of the given object with the provided arguments.</doc>
<status status="PASS" start="2026-05-20T14:29:27.216735" elapsed="0.000456"/>
</kw>
<kw name="Call Method" owner="BuiltIn">
<arg>${options}</arg>
<arg>add_argument</arg>
<arg>--no-sandbox</arg>
<doc>Calls the named method of the given object with the provided arguments.</doc>
<status status="PASS" start="2026-05-20T14:29:27.217393" elapsed="0.000431"/>
</kw>
<kw name="Open Browser" owner="SeleniumLibrary">
<msg time="2026-05-20T14:29:27.218568" level="INFO">Opening browser 'chrome' to base url 'https://nhen.vn'.</msg>
<arg>${BASE_URL}</arg>
<arg>${BROWSER}</arg>
<arg>options=${options}</arg>
<doc>Opens a new browser instance to the optional ``url``.</doc>
<status status="PASS" start="2026-05-20T14:29:27.218082" elapsed="17.733875"/>
</kw>
<kw name="Maximize Browser Window" owner="SeleniumLibrary">
<doc>Maximizes current browser window.</doc>
<status status="PASS" start="2026-05-20T14:29:44.952558" elapsed="0.131291"/>
</kw>
<kw name="Set Selenium Timeout" owner="SeleniumLibrary">
<arg>${TIMEOUT}</arg>
<doc>Sets the timeout that is used by various keywords.</doc>
<status status="PASS" start="2026-05-20T14:29:45.084376" elapsed="0.005639"/>
</kw>
<kw name="Wait For Page Ready" owner="Common">
<kw name="Sleep" owner="BuiltIn">
<msg time="2026-05-20T14:29:46.596358" level="INFO">Slept 1 second 500 milliseconds.</msg>
<arg>1.5s</arg>
<doc>Pauses the test executed for the given time.</doc>
<status status="PASS" start="2026-05-20T14:29:45.095171" elapsed="1.501565"/>
</kw>
<kw name="Wait Until Keyword Succeeds" owner="BuiltIn">
<kw name="Execute Javascript" owner="SeleniumLibrary">
<msg time="2026-05-20T14:29:46.599832" level="INFO">Executing JavaScript:
return document.readyState == 'complete'
Without any arguments.</msg>
<arg>return document.readyState == 'complete'</arg>
<doc>Executes the given JavaScript code with possible arguments.</doc>
<status status="PASS" start="2026-05-20T14:29:46.599250" elapsed="0.022643"/>
</kw>
<arg>10x</arg>
<arg>1s</arg>
<arg>Execute Javascript</arg>
<arg>return document.readyState == 'complete'</arg>
<doc>Runs the specified keyword and retries if it fails.</doc>
<status status="PASS" start="2026-05-20T14:29:46.597485" elapsed="0.025479"/>
</kw>
<status status="PASS" start="2026-05-20T14:29:45.091036" elapsed="1.532443"/>
</kw>
<status status="PASS" start="2026-05-20T14:29:27.214978" elapsed="19.408783"/>
</kw>
<test id="s1-s2-t1" name="TC03_Filter_By_Price_Range" line="10">
<kw name="Open Filter Sort Page" owner="FilterSortPage" type="SETUP">
<kw name="Go To" owner="SeleniumLibrary">
<msg time="2026-05-20T14:29:46.655767" level="INFO">Opening url 'https://nhen.vn/collections/all'</msg>
<arg>${BASE_URL}/collections/all</arg>
<doc>Navigates the current browser window to the provided ``url``.</doc>
<status status="PASS" start="2026-05-20T14:29:46.630336" elapsed="9.673935"/>
</kw>
<kw name="Wait For Page Ready" owner="Common">
<kw name="Sleep" owner="BuiltIn">
<msg time="2026-05-20T14:29:57.806785" level="INFO">Slept 1 second 500 milliseconds.</msg>
<arg>1.5s</arg>
<doc>Pauses the test executed for the given time.</doc>
<status status="PASS" start="2026-05-20T14:29:56.305315" elapsed="1.501834"/>
</kw>
<kw name="Wait Until Keyword Succeeds" owner="BuiltIn">
<kw name="Execute Javascript" owner="SeleniumLibrary">
<msg time="2026-05-20T14:29:57.810039" level="INFO">Executing JavaScript:
return document.readyState == 'complete'
Without any arguments.</msg>
<arg>return document.readyState == 'complete'</arg>
<doc>Executes the given JavaScript code with possible arguments.</doc>
<status status="PASS" start="2026-05-20T14:29:57.809489" elapsed="0.018323"/>
</kw>
<arg>10x</arg>
<arg>1s</arg>
<arg>Execute Javascript</arg>
<arg>return document.readyState == 'complete'</arg>
<doc>Runs the specified keyword and retries if it fails.</doc>
<status status="PASS" start="2026-05-20T14:29:57.807791" elapsed="0.020377"/>
</kw>
<status status="PASS" start="2026-05-20T14:29:56.304591" elapsed="1.523960"/>
</kw>
<kw name="Visible Product List Should Not Be Empty" owner="FilterSortPage">
<kw name="Wait Until Page Contains Element" owner="SeleniumLibrary">
<arg>${PRODUCT_ITEM}</arg>
<arg>timeout=${TIMEOUT}</arg>
<doc>Waits until the element ``locator`` appears on the current page.</doc>
<status status="PASS" start="2026-05-20T14:29:57.830237" elapsed="0.060129"/>
</kw>
<kw name="Get Element Count" owner="SeleniumLibrary">
<msg time="2026-05-20T14:29:57.914767" level="INFO">${count} = 18</msg>
<var>${count}</var>
<arg>${PRODUCT_ITEM}</arg>
<doc>Returns the number of elements matching ``locator``.</doc>
<status status="PASS" start="2026-05-20T14:29:57.890645" elapsed="0.024185"/>
</kw>
<kw name="Should Be True" owner="BuiltIn">
<arg>${count} &gt; 0</arg>
<arg>msg=Lỗi: Không tìm thấy sản phẩm nào!</arg>
<doc>Fails if the given condition is not true.</doc>
<status status="PASS" start="2026-05-20T14:29:57.915057" elapsed="0.000601"/>
</kw>
<status status="PASS" start="2026-05-20T14:29:57.829204" elapsed="0.086565"/>
</kw>
<status status="PASS" start="2026-05-20T14:29:46.629225" elapsed="11.286617"/>
</kw>
<kw name="Apply Price Filter" owner="FilterSortPage">
<kw name="Apply Filter Option" owner="FilterSortPage">
<kw name="Set Variable" owner="BuiltIn">
<msg time="2026-05-20T14:29:57.917853" level="INFO">${option_locator} = xpath=//*[self::label or self::a or self::span or self::button][contains(normalize-space(.), 'Dưới 1,000,000₫') or contains(translate(normalize-space(.), 'ABCDEFGHIJKLMNOPQRSTUVWXYZ', 'abcdefghijklmno...</msg>
<var>${option_locator}</var>
<arg>xpath=//*[self::label or self::a or self::span or self::button][contains(normalize-space(.), '${option_text}') or contains(translate(normalize-space(.), 'ABCDEFGHIJKLMNOPQRSTUVWXYZ', 'abcdefghijklmnopqrstuvwxyz'), translate('${option_text}', 'ABCDEFGHIJKLMNOPQRSTUVWXYZ', 'abcdefghijklmnopqrstuvwxyz'))]</arg>
<doc>Returns the given values which can then be assigned to a variables.</doc>
<status status="PASS" start="2026-05-20T14:29:57.917355" elapsed="0.000549"/>
</kw>
<kw name="Run Keyword And Return Status" owner="BuiltIn">
<kw name="Wait Until Page Contains Element" owner="SeleniumLibrary">
<arg>${option_locator}</arg>
<arg>timeout=2s</arg>
<doc>Waits until the element ``locator`` appears on the current page.</doc>
<status status="PASS" start="2026-05-20T14:29:57.918446" elapsed="0.022555"/>
</kw>
<msg time="2026-05-20T14:29:57.941276" level="INFO">${is_present} = True</msg>
<var>${is_present}</var>
<arg>Wait Until Page Contains Element</arg>
<arg>${option_locator}</arg>
<arg>timeout=2s</arg>
<doc>Runs the specified keyword and returns the status as a Boolean value.</doc>
<status status="PASS" start="2026-05-20T14:29:57.918071" elapsed="0.023297"/>
</kw>
<if>
<branch type="IF" condition="not ${is_present}">
<kw name="Set Variable" owner="BuiltIn">
<var>${section_locator}</var>
<arg>xpath=//*[self::h2 or self::h3 or self::h4 or self::button or self::legend or self::span or contains(@class, 'title')][contains(translate(normalize-space(.), 'ABCDEFGHIJKLMNOPQRSTUVWXYZ', 'abcdefghijklmnopqrstuvwxyz'), translate('${section_name}', 'ABCDEFGHIJKLMNOPQRSTUVWXYZ', 'abcdefghijklmnopqrstuvwxyz'))]</arg>
<doc>Returns the given values which can then be assigned to a variables.</doc>
<status status="NOT RUN" start="2026-05-20T14:29:57.941996" elapsed="0.000050"/>
</kw>
<kw name="Run Keyword And Return Status" owner="BuiltIn">
<var>${section_found}</var>
<arg>Wait Until Page Contains Element</arg>
<arg>${section_locator}</arg>
<arg>timeout=2s</arg>
<doc>Runs the specified keyword and returns the status as a Boolean value.</doc>
<status status="NOT RUN" start="2026-05-20T14:29:57.942204" elapsed="0.000038"/>
</kw>
<if>
<branch type="IF" condition="${section_found}">
<kw name="Scroll Element Into View" owner="SeleniumLibrary">
<arg>${section_locator}</arg>
<doc>Scrolls the element identified by ``locator`` into view.</doc>
<status status="NOT RUN" start="2026-05-20T14:29:57.942516" elapsed="0.000038"/>
</kw>
<kw name="Get WebElement" owner="SeleniumLibrary">
<var>${sec_el}</var>
<arg>${section_locator}</arg>
<doc>Returns the first WebElement matching the given ``locator``.</doc>
<status status="NOT RUN" start="2026-05-20T14:29:57.942683" elapsed="0.000035"/>
</kw>
<kw name="Run Keyword And Ignore Error" owner="BuiltIn">
<arg>Execute Javascript</arg>
<arg>arguments[0].click();</arg>
<arg>ARGUMENTS</arg>
<arg>${sec_el}</arg>
<doc>Runs the given keyword with the given arguments and ignores possible error.</doc>
<status status="NOT RUN" start="2026-05-20T14:29:57.942852" elapsed="0.000036"/>
</kw>
<kw name="Sleep" owner="BuiltIn">
<arg>1s</arg>
<doc>Pauses the test executed for the given time.</doc>
<status status="NOT RUN" start="2026-05-20T14:29:57.943017" elapsed="0.000033"/>
</kw>
<status status="NOT RUN" start="2026-05-20T14:29:57.942374" elapsed="0.000727"/>
</branch>
<status status="NOT RUN" start="2026-05-20T14:29:57.942350" elapsed="0.000804"/>
</if>
<status status="NOT RUN" start="2026-05-20T14:29:57.941653" elapsed="0.001533"/>
</branch>
<status status="PASS" start="2026-05-20T14:29:57.941595" elapsed="0.001637"/>
</if>
<kw name="Run Keyword And Return Status" owner="BuiltIn">
<kw name="Wait Until Element Is Visible" owner="SeleniumLibrary">
<arg>${option_locator}</arg>
<arg>timeout=1s</arg>
<doc>Waits until the element ``locator`` is visible.</doc>
<status status="PASS" start="2026-05-20T14:29:57.943767" elapsed="0.030821"/>
</kw>
<msg time="2026-05-20T14:29:57.974784" level="INFO">${is_still_hidden} = True</msg>
<var>${is_still_hidden}</var>
<arg>Wait Until Element Is Visible</arg>
<arg>${option_locator}</arg>
<arg>timeout=1s</arg>
<doc>Runs the specified keyword and returns the status as a Boolean value.</doc>
<status status="PASS" start="2026-05-20T14:29:57.943346" elapsed="0.031481"/>
</kw>
<if>
<branch type="IF" condition="not ${is_still_hidden}">
<kw name="Set Variable" owner="BuiltIn">
<var>${view_more_locator}</var>
<arg>xpath=//*[self::button or self::a or self::span][contains(translate(normalize-space(.), 'ABCDEFGHIJKLMNOPQRSTUVWXYZ', 'abcdefghijklmnopqrstuvwxyz'), 'xem thêm')]</arg>
<doc>Returns the given values which can then be assigned to a variables.</doc>
<status status="NOT RUN" start="2026-05-20T14:29:57.975318" elapsed="0.000043"/>
</kw>
<kw name="Run Keyword And Return Status" owner="BuiltIn">
<var>${has_view_more}</var>
<arg>Wait Until Page Contains Element</arg>
<arg>${view_more_locator}</arg>
<arg>timeout=1s</arg>
<doc>Runs the specified keyword and returns the status as a Boolean value.</doc>
<status status="NOT RUN" start="2026-05-20T14:29:57.975520" elapsed="0.000037"/>
</kw>
<if>
<branch type="IF" condition="${has_view_more}">
<kw name="Get WebElements" owner="SeleniumLibrary">
<var>${elements}</var>
<arg>${view_more_locator}</arg>
<doc>Returns a list of WebElement objects matching the ``locator``.</doc>
<status status="NOT RUN" start="2026-05-20T14:29:57.975798" elapsed="0.000036"/>
</kw>
<for flavor="IN">
<iter>
<kw name="Run Keyword And Return Status" owner="BuiltIn">
<var>${is_displayed}</var>
<arg>Element Should Be Visible</arg>
<arg>${elem}</arg>
<doc>Runs the specified keyword and returns the status as a Boolean value.</doc>
<status status="NOT RUN" start="2026-05-20T14:29:57.976270" elapsed="0.000041"/>
</kw>
<if>
<branch type="IF" condition="${is_displayed}">
<kw name="Run Keyword And Ignore Error" owner="BuiltIn">
<arg>Execute Javascript</arg>
<arg>arguments[0].click();</arg>
<arg>ARGUMENTS</arg>
<arg>${elem}</arg>
<doc>Runs the given keyword with the given arguments and ignores possible error.</doc>
<status status="NOT RUN" start="2026-05-20T14:29:57.976564" elapsed="0.000052"/>
</kw>
<status status="NOT RUN" start="2026-05-20T14:29:57.976417" elapsed="0.000264"/>
</branch>
<status status="NOT RUN" start="2026-05-20T14:29:57.976396" elapsed="0.000337"/>
</if>
<var name="${elem}"/>
<status status="NOT RUN" start="2026-05-20T14:29:57.976126" elapsed="0.000639"/>
</iter>
<var>${elem}</var>
<value>@{elements}</value>
<status status="NOT RUN" start="2026-05-20T14:29:57.975946" elapsed="0.000881"/>
</for>
<kw name="Sleep" owner="BuiltIn">
<arg>1.5s</arg>
<doc>Pauses the test executed for the given time.</doc>
<status status="NOT RUN" start="2026-05-20T14:29:57.976975" elapsed="0.000037"/>
</kw>
<status status="NOT RUN" start="2026-05-20T14:29:57.975664" elapsed="0.001400"/>
</branch>
<status status="NOT RUN" start="2026-05-20T14:29:57.975642" elapsed="0.001468"/>
</if>
<status status="NOT RUN" start="2026-05-20T14:29:57.974969" elapsed="0.002169"/>
</branch>
<status status="PASS" start="2026-05-20T14:29:57.974936" elapsed="0.002243"/>
</if>
<kw name="Click Filter Exact Text" owner="FilterSortPage">
<kw name="Set Variable" owner="BuiltIn">
<msg time="2026-05-20T14:29:57.978223" level="INFO">${locator} = xpath=//*[self::label or self::a or self::span or self::button][contains(normalize-space(.), 'Dưới 1,000,000₫') or contains(translate(normalize-space(.), 'ABCDEFGHIJKLMNOPQRSTUVWXYZ', 'abcdefghijklmno...</msg>
<var>${locator}</var>
<arg>xpath=//*[self::label or self::a or self::span or self::button][contains(normalize-space(.), '${text}') or contains(translate(normalize-space(.), 'ABCDEFGHIJKLMNOPQRSTUVWXYZ', 'abcdefghijklmnopqrstuvwxyz'), translate('${text}', 'ABCDEFGHIJKLMNOPQRSTUVWXYZ', 'abcdefghijklmnopqrstuvwxyz'))]</arg>
<doc>Returns the given values which can then be assigned to a variables.</doc>
<status status="PASS" start="2026-05-20T14:29:57.977748" elapsed="0.000524"/>
</kw>
<kw name="Wait Until Page Contains Element" owner="SeleniumLibrary">
<arg>${locator}</arg>
<arg>timeout=5s</arg>
<doc>Waits until the element ``locator`` appears on the current page.</doc>
<status status="PASS" start="2026-05-20T14:29:57.978435" elapsed="0.016974"/>
</kw>
<kw name="Scroll Element Into View" owner="SeleniumLibrary">
<arg>${locator}</arg>
<doc>Scrolls the element identified by ``locator`` into view.</doc>
<status status="PASS" start="2026-05-20T14:29:57.995652" elapsed="0.303950"/>
</kw>
<kw name="Sleep" owner="BuiltIn">
<msg time="2026-05-20T14:29:58.803276" level="INFO">Slept 500 milliseconds.</msg>
<arg>0.5s</arg>
<doc>Pauses the test executed for the given time.</doc>
<status status="PASS" start="2026-05-20T14:29:58.300224" elapsed="0.503569"/>
</kw>
<kw name="Get WebElement" owner="SeleniumLibrary">
<msg time="2026-05-20T14:29:58.882965" level="INFO">${element} = &lt;selenium.webdriver.remote.webelement.WebElement (session="0b874b0f86632f1b5eb19bdd12eee092", element="f.82A22146FB680C70EC475DC234D9ED61.d.0DF02FEE26E5265EF62C96152DFE070C.e.395")&gt;</msg>
<var>${element}</var>
<arg>${locator}</arg>
<doc>Returns the first WebElement matching the given ``locator``.</doc>
<status status="PASS" start="2026-05-20T14:29:58.804302" elapsed="0.078781"/>
</kw>
<kw name="Run Keyword And Ignore Error" owner="BuiltIn">
<kw name="Execute Javascript" owner="SeleniumLibrary">
<msg time="2026-05-20T14:29:58.885057" level="INFO">Executing JavaScript:
arguments[0].click();
By using argument:
'&lt;selenium.webdriver.remote.webelement.WebElement (session="0b874b0f86632f1b5eb19bdd12eee092", element="f.82A22146FB680C70EC475DC234D9ED61.d.0DF02FEE26E5265EF62C96152DFE070C.e.395")&gt;'</msg>
<arg>arguments[0].click();</arg>
<arg>ARGUMENTS</arg>
<arg>${element}</arg>
<doc>Executes the given JavaScript code with possible arguments.</doc>
<status status="PASS" start="2026-05-20T14:29:58.884473" elapsed="0.022997"/>
</kw>
<arg>Execute Javascript</arg>
<arg>arguments[0].click();</arg>
<arg>ARGUMENTS</arg>
<arg>${element}</arg>
<doc>Runs the given keyword with the given arguments and ignores possible error.</doc>
<status status="PASS" start="2026-05-20T14:29:58.883510" elapsed="0.024250"/>
</kw>
<kw name="Sleep" owner="BuiltIn">
<msg time="2026-05-20T14:30:00.909390" level="INFO">Slept 2 seconds.</msg>
<arg>2s</arg>
<doc>Pauses the test executed for the given time.</doc>
<status status="PASS" start="2026-05-20T14:29:58.908174" elapsed="2.002183"/>
</kw>
<arg>${option_text}</arg>
<status status="PASS" start="2026-05-20T14:29:57.977375" elapsed="2.933202"/>
</kw>
<kw name="Wait For Page Ready" owner="Common">
<kw name="Sleep" owner="BuiltIn">
<msg time="2026-05-20T14:30:02.412474" level="INFO">Slept 1 second 500 milliseconds.</msg>
<arg>1.5s</arg>
<doc>Pauses the test executed for the given time.</doc>
<status status="PASS" start="2026-05-20T14:30:00.911253" elapsed="1.501607"/>
</kw>
<kw name="Wait Until Keyword Succeeds" owner="BuiltIn">
<kw name="Execute Javascript" owner="SeleniumLibrary">
<msg time="2026-05-20T14:30:02.415947" level="INFO">Executing JavaScript:
return document.readyState == 'complete'
Without any arguments.</msg>
<arg>return document.readyState == 'complete'</arg>
<doc>Executes the given JavaScript code with possible arguments.</doc>
<status status="PASS" start="2026-05-20T14:30:02.415378" elapsed="0.021229"/>
</kw>
<arg>10x</arg>
<arg>1s</arg>
<arg>Execute Javascript</arg>
<arg>return document.readyState == 'complete'</arg>
<doc>Runs the specified keyword and retries if it fails.</doc>
<status status="PASS" start="2026-05-20T14:30:02.413634" elapsed="0.023216"/>
</kw>
<status status="PASS" start="2026-05-20T14:30:00.910828" elapsed="1.526248"/>
</kw>
<arg>Mức giá</arg>
<arg>${FILTER_PRICE_TEXT}</arg>
<status status="PASS" start="2026-05-20T14:29:57.916977" elapsed="4.520266"/>
</kw>
<status status="PASS" start="2026-05-20T14:29:57.916320" elapsed="4.521114"/>
</kw>
<kw name="Product List Should Be Displayed" owner="FilterSortPage">
<kw name="Visible Product List Should Not Be Empty" owner="FilterSortPage">
<kw name="Wait Until Page Contains Element" owner="SeleniumLibrary">
<arg>${PRODUCT_ITEM}</arg>
<arg>timeout=${TIMEOUT}</arg>
<doc>Waits until the element ``locator`` appears on the current page.</doc>
<status status="PASS" start="2026-05-20T14:30:02.440242" elapsed="0.019810"/>
</kw>
<kw name="Get Element Count" owner="SeleniumLibrary">
<msg time="2026-05-20T14:30:02.475675" level="INFO">${count} = 18</msg>
<var>${count}</var>
<arg>${PRODUCT_ITEM}</arg>
<doc>Returns the number of elements matching ``locator``.</doc>
<status status="PASS" start="2026-05-20T14:30:02.460288" elapsed="0.015444"/>
</kw>
<kw name="Should Be True" owner="BuiltIn">
<arg>${count} &gt; 0</arg>
<arg>msg=Lỗi: Không tìm thấy sản phẩm nào!</arg>
<doc>Fails if the given condition is not true.</doc>
<status status="PASS" start="2026-05-20T14:30:02.475933" elapsed="0.000511"/>
</kw>
<status status="PASS" start="2026-05-20T14:30:02.439629" elapsed="0.036925"/>
</kw>
<status status="PASS" start="2026-05-20T14:30:02.438516" elapsed="0.038130"/>
</kw>
<kw name="Product List Should Match Price Filter" owner="FilterSortPage">
<kw name="Visible Product Prices Should Be Less Than Or Equal" owner="FilterSortPage">
<kw name="Get All Product Prices As Numbers" owner="FilterSortPage">
<kw name="Wait Until Page Contains Element" owner="SeleniumLibrary">
<arg>${PRODUCT_PRICE}</arg>
<arg>timeout=${TIMEOUT}</arg>
<doc>Waits until the element ``locator`` appears on the current page.</doc>
<status status="PASS" start="2026-05-20T14:30:02.478322" elapsed="0.018839"/>
</kw>
<kw name="Get WebElements" owner="SeleniumLibrary">
<msg time="2026-05-20T14:30:02.511345" level="INFO">${elements} = [&lt;selenium.webdriver.remote.webelement.WebElement (session="0b874b0f86632f1b5eb19bdd12eee092", element="f.82A22146FB680C70EC475DC234D9ED61.d.0DF02FEE26E5265EF62C96152DFE070C.e.956")&gt;, &lt;selenium.webdri...</msg>
<var>${elements}</var>
<arg>${PRODUCT_PRICE}</arg>
<doc>Returns a list of WebElement objects matching the ``locator``.</doc>
<status status="PASS" start="2026-05-20T14:30:02.497384" elapsed="0.014027"/>
</kw>
<kw name="Create List" owner="BuiltIn">
<msg time="2026-05-20T14:30:02.512019" level="INFO">${prices} = []</msg>
<var>${prices}</var>
<doc>Returns a list containing given items.</doc>
<status status="PASS" start="2026-05-20T14:30:02.511632" elapsed="0.000432"/>
</kw>
<for flavor="IN">
<iter>
<kw name="Get Text" owner="SeleniumLibrary">
<msg time="2026-05-20T14:30:02.531225" level="INFO">${text} = 1,690,000₫</msg>
<var>${text}</var>
<arg>${elem}</arg>
<doc>Returns the text value of the element identified by ``locator``.</doc>
<status status="PASS" start="2026-05-20T14:30:02.512669" elapsed="0.018630"/>
</kw>
<kw name="Replace String" owner="String">
<msg time="2026-05-20T14:30:02.532305" level="INFO">${clean_text} = 1,690,000</msg>
<var>${clean_text}</var>
<arg>${text}</arg>
<arg>₫</arg>
<arg>${EMPTY}</arg>
<doc>Replaces ``search_for`` in the given ``string`` with ``replace_with``.</doc>
<status status="PASS" start="2026-05-20T14:30:02.531520" elapsed="0.000827"/>
</kw>
<kw name="Replace String" owner="String">
<msg time="2026-05-20T14:30:02.533177" level="INFO">${clean_text} = 1,690,000</msg>
<var>${clean_text}</var>
<arg>${clean_text}</arg>
<arg>đ</arg>
<arg>${EMPTY}</arg>
<doc>Replaces ``search_for`` in the given ``string`` with ``replace_with``.</doc>
<status status="PASS" start="2026-05-20T14:30:02.532512" elapsed="0.000714"/>
</kw>
<kw name="Replace String" owner="String">
<msg time="2026-05-20T14:30:02.534120" level="INFO">${clean_text} = 1690000</msg>
<var>${clean_text}</var>
<arg>${clean_text}</arg>
<arg>,</arg>
<arg>${EMPTY}</arg>
<doc>Replaces ``search_for`` in the given ``string`` with ``replace_with``.</doc>
<status status="PASS" start="2026-05-20T14:30:02.533458" elapsed="0.000704"/>
</kw>
<kw name="Replace String" owner="String">
<msg time="2026-05-20T14:30:02.534964" level="INFO">${clean_text} = 1690000</msg>
<var>${clean_text}</var>
<arg>${clean_text}</arg>
<arg>.</arg>
<arg>${EMPTY}</arg>
<doc>Replaces ``search_for`` in the given ``string`` with ``replace_with``.</doc>
<status status="PASS" start="2026-05-20T14:30:02.534318" elapsed="0.000688"/>
</kw>
<kw name="Strip String" owner="String">
<msg time="2026-05-20T14:30:02.535469" level="INFO">${clean_text} = 1690000</msg>
<var>${clean_text}</var>
<arg>${clean_text}</arg>
<doc>Remove leading and/or trailing whitespaces from the given string.</doc>
<status status="PASS" start="2026-05-20T14:30:02.535163" elapsed="0.000343"/>
</kw>
<kw name="Evaluate" owner="BuiltIn">
<msg time="2026-05-20T14:30:02.536118" level="INFO">${is_number} = True</msg>
<var>${is_number}</var>
<arg>"${clean_text}".isdigit()</arg>
<doc>Evaluates the given expression in Python and returns the result.</doc>
<status status="PASS" start="2026-05-20T14:30:02.535660" elapsed="0.000499"/>
</kw>
<if>
<branch type="IF" condition="${is_number}">
<kw name="Convert To Integer" owner="BuiltIn">
<msg time="2026-05-20T14:30:02.536866" level="INFO">${price_num} = 1690000</msg>
<var>${price_num}</var>
<arg>${clean_text}</arg>
<doc>Converts the given item to an integer number.</doc>
<status status="PASS" start="2026-05-20T14:30:02.536483" elapsed="0.000422"/>
</kw>
<kw name="Append To List" owner="Collections">
<arg>${prices}</arg>
<arg>${price_num}</arg>
<doc>Adds ``values`` to the end of ``list``.</doc>
<status status="PASS" start="2026-05-20T14:30:02.537048" elapsed="0.000295"/>
</kw>
<status status="PASS" start="2026-05-20T14:30:02.536300" elapsed="0.001115"/>
</branch>
<status status="PASS" start="2026-05-20T14:30:02.536259" elapsed="0.001214"/>
</if>
<var name="${elem}">&lt;selenium.webdriver.remote.webelement.WebElement (session="0b874b0f86632f1b5eb19bdd12eee092", element="f.82A22146FB680C70EC475DC234D9ED61.d.0DF02FEE26E5265EF62C96152DFE070C.e.956")&gt;</var>
<status status="PASS" start="2026-05-20T14:30:02.512508" elapsed="0.024998"/>
</iter>
<iter>
<kw name="Get Text" owner="SeleniumLibrary">
<msg time="2026-05-20T14:30:02.550012" level="INFO">${text} = 2,700,000₫</msg>
<var>${text}</var>
<arg>${elem}</arg>
<doc>Returns the text value of the element identified by ``locator``.</doc>
<status status="PASS" start="2026-05-20T14:30:02.537871" elapsed="0.012201"/>
</kw>
<kw name="Replace String" owner="String">
<msg time="2026-05-20T14:30:02.551036" level="INFO">${clean_text} = 2,700,000</msg>
<var>${clean_text}</var>
<arg>${text}</arg>
<arg>₫</arg>
<arg>${EMPTY}</arg>
<doc>Replaces ``search_for`` in the given ``string`` with ``replace_with``.</doc>
<status status="PASS" start="2026-05-20T14:30:02.550274" elapsed="0.000803"/>
</kw>
<kw name="Replace String" owner="String">
<msg time="2026-05-20T14:30:02.551914" level="INFO">${clean_text} = 2,700,000</msg>
<var>${clean_text}</var>
<arg>${clean_text}</arg>
<arg>đ</arg>
<arg>${EMPTY}</arg>
<doc>Replaces ``search_for`` in the given ``string`` with ``replace_with``.</doc>
<status status="PASS" start="2026-05-20T14:30:02.551241" elapsed="0.000713"/>
</kw>
<kw name="Replace String" owner="String">
<msg time="2026-05-20T14:30:02.552783" level="INFO">${clean_text} = 2700000</msg>
<var>${clean_text}</var>
<arg>${clean_text}</arg>
<arg>,</arg>
<arg>${EMPTY}</arg>
<doc>Replaces ``search_for`` in the given ``string`` with ``replace_with``.</doc>
<status status="PASS" start="2026-05-20T14:30:02.552109" elapsed="0.000715"/>
</kw>
<kw name="Replace String" owner="String">
<msg time="2026-05-20T14:30:02.554239" level="INFO">${clean_text} = 2700000</msg>
<var>${clean_text}</var>
<arg>${clean_text}</arg>
<arg>.</arg>
<arg>${EMPTY}</arg>
<doc>Replaces ``search_for`` in the given ``string`` with ``replace_with``.</doc>
<status status="PASS" start="2026-05-20T14:30:02.552983" elapsed="0.001450"/>
</kw>
<kw name="Strip String" owner="String">
<msg time="2026-05-20T14:30:02.555285" level="INFO">${clean_text} = 2700000</msg>
<var>${clean_text}</var>
<arg>${clean_text}</arg>
<doc>Remove leading and/or trailing whitespaces from the given string.</doc>
<status status="PASS" start="2026-05-20T14:30:02.554732" elapsed="0.000602"/>
</kw>
<kw name="Evaluate" owner="BuiltIn">
<msg time="2026-05-20T14:30:02.556136" level="INFO">${is_number} = True</msg>
<var>${is_number}</var>
<arg>"${clean_text}".isdigit()</arg>
<doc>Evaluates the given expression in Python and returns the result.</doc>
<status status="PASS" start="2026-05-20T14:30:02.555633" elapsed="0.000545"/>
</kw>
<if>
<branch type="IF" condition="${is_number}">
<kw name="Convert To Integer" owner="BuiltIn">
<msg time="2026-05-20T14:30:02.556941" level="INFO">${price_num} = 2700000</msg>
<var>${price_num}</var>
<arg>${clean_text}</arg>
<doc>Converts the given item to an integer number.</doc>
<status status="PASS" start="2026-05-20T14:30:02.556544" elapsed="0.000437"/>
</kw>
<kw name="Append To List" owner="Collections">
<arg>${prices}</arg>
<arg>${price_num}</arg>
<doc>Adds ``values`` to the end of ``list``.</doc>
<status status="PASS" start="2026-05-20T14:30:02.557123" elapsed="0.000241"/>
</kw>
<status status="PASS" start="2026-05-20T14:30:02.556347" elapsed="0.001086"/>
</branch>
<status status="PASS" start="2026-05-20T14:30:02.556316" elapsed="0.001173"/>
</if>
<var name="${elem}">&lt;selenium.webdriver.remote.webelement.WebElement (session="0b874b0f86632f1b5eb19bdd12eee092", element="f.82A22146FB680C70EC475DC234D9ED61.d.0DF02FEE26E5265EF62C96152DFE070C.e.957")&gt;</var>
<status status="PASS" start="2026-05-20T14:30:02.537741" elapsed="0.019799"/>
</iter>
<iter>
<kw name="Get Text" owner="SeleniumLibrary">
<msg time="2026-05-20T14:30:02.570126" level="INFO">${text} = 3,000,000₫</msg>
<var>${text}</var>
<arg>${elem}</arg>
<doc>Returns the text value of the element identified by ``locator``.</doc>
<status status="PASS" start="2026-05-20T14:30:02.557898" elapsed="0.012307"/>
</kw>
<kw name="Replace String" owner="String">
<msg time="2026-05-20T14:30:02.571542" level="INFO">${clean_text} = 3,000,000</msg>
<var>${clean_text}</var>
<arg>${text}</arg>
<arg>₫</arg>
<arg>${EMPTY}</arg>
<doc>Replaces ``search_for`` in the given ``string`` with ``replace_with``.</doc>
<status status="PASS" start="2026-05-20T14:30:02.570571" elapsed="0.001056"/>
</kw>
<kw name="Replace String" owner="String">
<msg time="2026-05-20T14:30:02.573037" level="INFO">${clean_text} = 3,000,000</msg>
<var>${clean_text}</var>
<arg>${clean_text}</arg>
<arg>đ</arg>
<arg>${EMPTY}</arg>
<doc>Replaces ``search_for`` in the given ``string`` with ``replace_with``.</doc>
<status status="PASS" start="2026-05-20T14:30:02.571947" elapsed="0.001144"/>
</kw>
<kw name="Replace String" owner="String">
<msg time="2026-05-20T14:30:02.574058" level="INFO">${clean_text} = 3000000</msg>
<var>${clean_text}</var>
<arg>${clean_text}</arg>
<arg>,</arg>
<arg>${EMPTY}</arg>
<doc>Replaces ``search_for`` in the given ``string`` with ``replace_with``.</doc>
<status status="PASS" start="2026-05-20T14:30:02.573300" elapsed="0.000800"/>
</kw>
<kw name="Replace String" owner="String">
<msg time="2026-05-20T14:30:02.574964" level="INFO">${clean_text} = 3000000</msg>
<var>${clean_text}</var>
<arg>${clean_text}</arg>
<arg>.</arg>
<arg>${EMPTY}</arg>
<doc>Replaces ``search_for`` in the given ``string`` with ``replace_with``.</doc>
<status status="PASS" start="2026-05-20T14:30:02.574265" elapsed="0.000765"/>
</kw>
<kw name="Strip String" owner="String">
<msg time="2026-05-20T14:30:02.575432" level="INFO">${clean_text} = 3000000</msg>
<var>${clean_text}</var>
<arg>${clean_text}</arg>
<doc>Remove leading and/or trailing whitespaces from the given string.</doc>
<status status="PASS" start="2026-05-20T14:30:02.575197" elapsed="0.000272"/>
</kw>
<kw name="Evaluate" owner="BuiltIn">
<msg time="2026-05-20T14:30:02.576107" level="INFO">${is_number} = True</msg>
<var>${is_number}</var>
<arg>"${clean_text}".isdigit()</arg>
<doc>Evaluates the given expression in Python and returns the result.</doc>
<status status="PASS" start="2026-05-20T14:30:02.575611" elapsed="0.000535"/>
</kw>
<if>
<branch type="IF" condition="${is_number}">
<kw name="Convert To Integer" owner="BuiltIn">
<msg time="2026-05-20T14:30:02.576894" level="INFO">${price_num} = 3000000</msg>
<var>${price_num}</var>
<arg>${clean_text}</arg>
<doc>Converts the given item to an integer number.</doc>
<status status="PASS" start="2026-05-20T14:30:02.576451" elapsed="0.000483"/>
</kw>
<kw name="Append To List" owner="Collections">
<arg>${prices}</arg>
<arg>${price_num}</arg>
<doc>Adds ``values`` to the end of ``list``.</doc>
<status status="PASS" start="2026-05-20T14:30:02.577079" elapsed="0.000237"/>
</kw>
<status status="PASS" start="2026-05-20T14:30:02.576268" elapsed="0.001114"/>
</branch>
<status status="PASS" start="2026-05-20T14:30:02.576238" elapsed="0.001198"/>
</if>
<var name="${elem}">&lt;selenium.webdriver.remote.webelement.WebElement (session="0b874b0f86632f1b5eb19bdd12eee092", element="f.82A22146FB680C70EC475DC234D9ED61.d.0DF02FEE26E5265EF62C96152DFE070C.e.958")&gt;</var>
<status status="PASS" start="2026-05-20T14:30:02.557768" elapsed="0.019700"/>
</iter>
<iter>
<kw name="Get Text" owner="SeleniumLibrary">
<msg time="2026-05-20T14:30:02.589365" level="INFO">${text} = 1,980,000₫</msg>
<var>${text}</var>
<arg>${elem}</arg>
<doc>Returns the text value of the element identified by ``locator``.</doc>
<status status="PASS" start="2026-05-20T14:30:02.577880" elapsed="0.011547"/>
</kw>
<kw name="Replace String" owner="String">
<msg time="2026-05-20T14:30:02.590403" level="INFO">${clean_text} = 1,980,000</msg>
<var>${clean_text}</var>
<arg>${text}</arg>
<arg>₫</arg>
<arg>${EMPTY}</arg>
<doc>Replaces ``search_for`` in the given ``string`` with ``replace_with``.</doc>
<status status="PASS" start="2026-05-20T14:30:02.589630" elapsed="0.000815"/>
</kw>
<kw name="Replace String" owner="String">
<msg time="2026-05-20T14:30:02.591281" level="INFO">${clean_text} = 1,980,000</msg>
<var>${clean_text}</var>
<arg>${clean_text}</arg>
<arg>đ</arg>
<arg>${EMPTY}</arg>
<doc>Replaces ``search_for`` in the given ``string`` with ``replace_with``.</doc>
<status status="PASS" start="2026-05-20T14:30:02.590611" elapsed="0.000722"/>
</kw>
<kw name="Replace String" owner="String">
<msg time="2026-05-20T14:30:02.592143" level="INFO">${clean_text} = 1980000</msg>
<var>${clean_text}</var>
<arg>${clean_text}</arg>
<arg>,</arg>
<arg>${EMPTY}</arg>
<doc>Replaces ``search_for`` in the given ``string`` with ``replace_with``.</doc>
<status status="PASS" start="2026-05-20T14:30:02.591491" elapsed="0.000694"/>
</kw>
<kw name="Replace String" owner="String">
<msg time="2026-05-20T14:30:02.593006" level="INFO">${clean_text} = 1980000</msg>
<var>${clean_text}</var>
<arg>${clean_text}</arg>
<arg>.</arg>
<arg>${EMPTY}</arg>
<doc>Replaces ``search_for`` in the given ``string`` with ``replace_with``.</doc>
<status status="PASS" start="2026-05-20T14:30:02.592347" elapsed="0.000699"/>
</kw>
<kw name="Strip String" owner="String">
<msg time="2026-05-20T14:30:02.593440" level="INFO">${clean_text} = 1980000</msg>
<var>${clean_text}</var>
<arg>${clean_text}</arg>
<doc>Remove leading and/or trailing whitespaces from the given string.</doc>
<status status="PASS" start="2026-05-20T14:30:02.593199" elapsed="0.000277"/>
</kw>
<kw name="Evaluate" owner="BuiltIn">
<msg time="2026-05-20T14:30:02.594074" level="INFO">${is_number} = True</msg>
<var>${is_number}</var>
<arg>"${clean_text}".isdigit()</arg>
<doc>Evaluates the given expression in Python and returns the result.</doc>
<status status="PASS" start="2026-05-20T14:30:02.593620" elapsed="0.000494"/>
</kw>
<if>
<branch type="IF" condition="${is_number}">
<kw name="Convert To Integer" owner="BuiltIn">
<msg time="2026-05-20T14:30:02.595965" level="INFO">${price_num} = 1980000</msg>
<var>${price_num}</var>
<arg>${clean_text}</arg>
<doc>Converts the given item to an integer number.</doc>
<status status="PASS" start="2026-05-20T14:30:02.595538" elapsed="0.000467"/>
</kw>
<kw name="Append To List" owner="Collections">
<arg>${prices}</arg>
<arg>${price_num}</arg>
<doc>Adds ``values`` to the end of ``list``.</doc>
[...]
<kw name="Wait And Click" owner="Common">
<kw name="Wait Until Element Is Visible" owner="SeleniumLibrary">
<arg>${locator}</arg>
<arg>timeout=${TIMEOUT}</arg>
<doc>Waits until the element ``locator`` is visible.</doc>
<status status="PASS" start="2026-05-20T14:32:43.246803" elapsed="0.025453"/>
</kw>
<kw name="Click Element" owner="SeleniumLibrary">
<msg time="2026-05-20T14:32:43.272885" level="INFO">Clicking element 'xpath=(//form[contains(@action, '/account/login')]//*[self::button or self::input][@type='submit'])[1]'.</msg>
<arg>${locator}</arg>
<doc>Click the element identified by ``locator``.</doc>
<status status="PASS" start="2026-05-20T14:32:43.272507" elapsed="6.311749"/>
</kw>
<arg>${LOGIN_BUTTON}</arg>
<status status="PASS" start="2026-05-20T14:32:43.246462" elapsed="6.338043"/>
</kw>
<kw name="Wait For Page Ready" owner="Common">
<kw name="Sleep" owner="BuiltIn">
<msg time="2026-05-20T14:32:51.087490" level="INFO">Slept 1 second 500 milliseconds.</msg>
<arg>1.5s</arg>
<doc>Pauses the test executed for the given time.</doc>
<status status="PASS" start="2026-05-20T14:32:49.586059" elapsed="1.501801"/>
</kw>
<kw name="Wait Until Keyword Succeeds" owner="BuiltIn">
<kw name="Execute Javascript" owner="SeleniumLibrary">
<msg time="2026-05-20T14:32:51.090899" level="INFO">Executing JavaScript:
return document.readyState == 'complete'
Without any arguments.</msg>
<arg>return document.readyState == 'complete'</arg>
<doc>Executes the given JavaScript code with possible arguments.</doc>
<status status="PASS" start="2026-05-20T14:32:51.090302" elapsed="0.017506"/>
</kw>
<arg>10x</arg>
<arg>1s</arg>
<arg>Execute Javascript</arg>
<arg>return document.readyState == 'complete'</arg>
<doc>Runs the specified keyword and retries if it fails.</doc>
<status status="PASS" start="2026-05-20T14:32:51.088529" elapsed="0.019489"/>
</kw>
<status status="PASS" start="2026-05-20T14:32:49.585183" elapsed="1.523007"/>
</kw>
<status status="PASS" start="2026-05-20T14:32:43.246081" elapsed="7.862232"/>
</kw>
<kw name="Login Should Be Successful" owner="LoginPage">
<kw name="Run Keyword And Return Status" owner="BuiltIn">
<kw name="Location Should Contain" owner="SeleniumLibrary">
<msg time="2026-05-20T14:32:51.120019" level="INFO">Current location contains '/account'.</msg>
<arg>/account</arg>
<doc>Verifies that the current URL contains ``expected``.</doc>
<status status="PASS" start="2026-05-20T14:32:51.110202" elapsed="0.009978"/>
</kw>
<msg time="2026-05-20T14:32:51.120383" level="INFO">${url_ok} = True</msg>
<var>${url_ok}</var>
<arg>Location Should Contain</arg>
<arg>/account</arg>
<doc>Runs the specified keyword and returns the status as a Boolean value.</doc>
<status status="PASS" start="2026-05-20T14:32:51.109537" elapsed="0.010980"/>
</kw>
<kw name="Run Keyword And Return Status" owner="BuiltIn">
<kw name="Page Should Contain" owner="SeleniumLibrary">
<msg time="2026-05-20T14:32:51.152374" level="INFO">Current page contains text 'Tài khoản'.</msg>
<arg>Tài khoản</arg>
<doc>Verifies that current page contains ``text``.</doc>
<status status="PASS" start="2026-05-20T14:32:51.121434" elapsed="0.031105"/>
</kw>
<msg time="2026-05-20T14:32:51.152713" level="INFO">${text_ok} = True</msg>
<var>${text_ok}</var>
<arg>Page Should Contain</arg>
<arg>Tài khoản</arg>
<doc>Runs the specified keyword and returns the status as a Boolean value.</doc>
<status status="PASS" start="2026-05-20T14:32:51.120774" elapsed="0.031979"/>
</kw>
<kw name="Should Be True" owner="BuiltIn">
<arg>${url_ok} or ${text_ok}</arg>
<arg>msg=Lỗi: Đăng nhập thất bại.</arg>
<doc>Fails if the given condition is not true.</doc>
<status status="PASS" start="2026-05-20T14:32:51.152936" elapsed="0.000587"/>
</kw>
<status status="PASS" start="2026-05-20T14:32:51.109008" elapsed="0.044657"/>
</kw>
<doc>Kiểm tra người dùng đăng nhập thành công với tài khoản đúng.</doc>
<tag>login</tag>
<tag>positive</tag>
<tag>smoke</tag>
<status status="PASS" start="2026-05-20T14:32:06.949228" elapsed="44.204865"/>
</test>
<test id="s1-s3-t2" name="TC02_Login_With_Wrong_Password" line="17">
<kw name="Ensure Logged Out And Go To Login Page" owner="LoginPage" type="SETUP">
<kw name="Delete All Cookies" owner="SeleniumLibrary">
<doc>Deletes all cookies.</doc>
<status status="PASS" start="2026-05-20T14:32:51.158059" elapsed="0.274038"/>
</kw>
<kw name="Go To" owner="SeleniumLibrary">
<msg time="2026-05-20T14:32:51.433331" level="INFO">Opening url 'https://nhen.vn/account/login'</msg>
<arg>${BASE_URL}/account/login</arg>
<doc>Navigates the current browser window to the provided ``url``.</doc>
<status status="PASS" start="2026-05-20T14:32:51.432699" elapsed="2.448877"/>
</kw>
<kw name="Wait For Page Ready" owner="Common">
<kw name="Sleep" owner="BuiltIn">
<msg time="2026-05-20T14:32:55.385013" level="INFO">Slept 1 second 500 milliseconds.</msg>
<arg>1.5s</arg>
<doc>Pauses the test executed for the given time.</doc>
<status status="PASS" start="2026-05-20T14:32:53.883042" elapsed="1.502622"/>
</kw>
<kw name="Wait Until Keyword Succeeds" owner="BuiltIn">
<kw name="Execute Javascript" owner="SeleniumLibrary">
<msg time="2026-05-20T14:32:55.388607" level="INFO">Executing JavaScript:
return document.readyState == 'complete'
Without any arguments.</msg>
<arg>return document.readyState == 'complete'</arg>
<doc>Executes the given JavaScript code with possible arguments.</doc>
<status status="PASS" start="2026-05-20T14:32:55.388005" elapsed="0.018673"/>
</kw>
<arg>10x</arg>
<arg>1s</arg>
<arg>Execute Javascript</arg>
<arg>return document.readyState == 'complete'</arg>
<doc>Runs the specified keyword and retries if it fails.</doc>
<status status="PASS" start="2026-05-20T14:32:55.386315" elapsed="0.020736"/>
</kw>
<status status="PASS" start="2026-05-20T14:32:53.882295" elapsed="1.525147"/>
</kw>
<status status="PASS" start="2026-05-20T14:32:51.157640" elapsed="4.250053"/>
</kw>
<kw name="Input Login Form" owner="LoginPage">
<kw name="Wait And Input" owner="Common">
<kw name="Wait Until Element Is Visible" owner="SeleniumLibrary">
<arg>${locator}</arg>
<arg>timeout=${TIMEOUT}</arg>
<doc>Waits until the element ``locator`` is visible.</doc>
<status status="PASS" start="2026-05-20T14:32:55.411662" elapsed="0.029247"/>
</kw>
<kw name="Input Text" owner="SeleniumLibrary">
<msg time="2026-05-20T14:32:55.441552" level="INFO">Typing text 'anhdung@yopmail.com' into text field 'css=input[type="email"], input[name="customer[email]"]'.</msg>
<arg>${locator}</arg>
<arg>${text}</arg>
<doc>Types the given ``text`` into the text field identified by ``locator``.</doc>
<status status="PASS" start="2026-05-20T14:32:55.441149" elapsed="0.185614"/>
</kw>
<arg>${LOGIN_EMAIL}</arg>
<arg>${email}</arg>
<status status="PASS" start="2026-05-20T14:32:55.410431" elapsed="0.216473"/>
</kw>
<kw name="Wait And Input" owner="Common">
<kw name="Wait Until Element Is Visible" owner="SeleniumLibrary">
<arg>${locator}</arg>
<arg>timeout=${TIMEOUT}</arg>
<doc>Waits until the element ``locator`` is visible.</doc>
<status status="PASS" start="2026-05-20T14:32:55.627614" elapsed="0.020719"/>
</kw>
<kw name="Input Text" owner="SeleniumLibrary">
<msg time="2026-05-20T14:32:55.649025" level="INFO">Typing text 'SaiMatKhau123' into text field 'css=input[type="password"], input[name="customer[password]"]'.</msg>
<arg>${locator}</arg>
<arg>${text}</arg>
<doc>Types the given ``text`` into the text field identified by ``locator``.</doc>
<status status="PASS" start="2026-05-20T14:32:55.648581" elapsed="0.133695"/>
</kw>
<arg>${LOGIN_PASSWORD}</arg>
<arg>${password}</arg>
<status status="PASS" start="2026-05-20T14:32:55.627201" elapsed="0.155407"/>
</kw>
<arg>${EXISTING_EMAIL}</arg>
<arg>${WRONG_PASSWORD}</arg>
<status status="PASS" start="2026-05-20T14:32:55.408950" elapsed="0.373898"/>
</kw>
<kw name="Click Login Button" owner="LoginPage">
<kw name="Wait And Click" owner="Common">
<kw name="Wait Until Element Is Visible" owner="SeleniumLibrary">
<arg>${locator}</arg>
<arg>timeout=${TIMEOUT}</arg>
<doc>Waits until the element ``locator`` is visible.</doc>
<status status="PASS" start="2026-05-20T14:32:55.784278" elapsed="0.021577"/>
</kw>
<kw name="Click Element" owner="SeleniumLibrary">
<msg time="2026-05-20T14:32:55.806561" level="INFO">Clicking element 'xpath=(//form[contains(@action, '/account/login')]//*[self::button or self::input][@type='submit'])[1]'.</msg>
<arg>${locator}</arg>
<doc>Click the element identified by ``locator``.</doc>
<status status="PASS" start="2026-05-20T14:32:55.806150" elapsed="0.089623"/>
</kw>
<arg>${LOGIN_BUTTON}</arg>
<status status="PASS" start="2026-05-20T14:32:55.783904" elapsed="0.112005"/>
</kw>
<kw name="Wait For Page Ready" owner="Common">
<kw name="Sleep" owner="BuiltIn">
<msg time="2026-05-20T14:32:57.397239" level="INFO">Slept 1 second 500 milliseconds.</msg>
<arg>1.5s</arg>
<doc>Pauses the test executed for the given time.</doc>
<status status="PASS" start="2026-05-20T14:32:55.896446" elapsed="1.501549"/>
</kw>
<kw name="Wait Until Keyword Succeeds" owner="BuiltIn">
<kw name="Execute Javascript" owner="SeleniumLibrary">
<msg time="2026-05-20T14:32:57.401610" level="INFO">Executing JavaScript:
return document.readyState == 'complete'
Without any arguments.</msg>
<arg>return document.readyState == 'complete'</arg>
<doc>Executes the given JavaScript code with possible arguments.</doc>
<status status="PASS" start="2026-05-20T14:32:57.400924" elapsed="0.022492"/>
</kw>
<arg>10x</arg>
<arg>1s</arg>
<arg>Execute Javascript</arg>
<arg>return document.readyState == 'complete'</arg>
<doc>Runs the specified keyword and retries if it fails.</doc>
<status status="PASS" start="2026-05-20T14:32:57.398751" elapsed="0.025030"/>
</kw>
<status status="PASS" start="2026-05-20T14:32:55.896132" elapsed="1.528023"/>
</kw>
<status status="PASS" start="2026-05-20T14:32:55.783524" elapsed="1.640883"/>
</kw>
<kw name="Login Should Be Rejected" owner="LoginPage">
<kw name="Run Keyword And Return Status" owner="BuiltIn">
<kw name="Page Should Contain" owner="SeleniumLibrary">
<msg time="2026-05-20T14:32:57.494956" level="INFO">Current page contains text 'Thông tin đăng nhập không hợp lệ.'.</msg>
<arg>Thông tin đăng nhập không hợp lệ.</arg>
<doc>Verifies that current page contains ``text``.</doc>
<status status="PASS" start="2026-05-20T14:32:57.428086" elapsed="0.067094"/>
</kw>
<msg time="2026-05-20T14:32:57.495557" level="INFO">${status1} = True</msg>
<var>${status1}</var>
<arg>Page Should Contain</arg>
<arg>Thông tin đăng nhập không hợp lệ.</arg>
<doc>Runs the specified keyword and returns the status as a Boolean value.</doc>
<status status="PASS" start="2026-05-20T14:32:57.426758" elapsed="0.068887"/>
</kw>
<kw name="Should Be True" owner="BuiltIn">
<arg>${status1}</arg>
<arg>msg=Lỗi: Hệ thống không hiển thị bất kỳ thông báo cảnh báo nào khi đăng nhập sai!</arg>
<doc>Fails if the given condition is not true.</doc>
<status status="PASS" start="2026-05-20T14:32:57.496085" elapsed="0.001283"/>
</kw>
<status status="PASS" start="2026-05-20T14:32:57.425650" elapsed="0.072195"/>
</kw>
<doc>Kiểm tra hệ thống từ chối khi nhập sai mật khẩu.</doc>
<tag>login</tag>
<tag>negative</tag>
<status status="PASS" start="2026-05-20T14:32:51.155250" elapsed="6.343325"/>
</test>
<test id="s1-s3-t3" name="TC03_Login_With_Unregistered_Email" line="24">
<kw name="Ensure Logged Out And Go To Login Page" owner="LoginPage" type="SETUP">
<kw name="Delete All Cookies" owner="SeleniumLibrary">
<doc>Deletes all cookies.</doc>
<status status="PASS" start="2026-05-20T14:32:57.501714" elapsed="0.159018"/>
</kw>
<kw name="Go To" owner="SeleniumLibrary">
<msg time="2026-05-20T14:32:57.661320" level="INFO">Opening url 'https://nhen.vn/account/login'</msg>
<arg>${BASE_URL}/account/login</arg>
<doc>Navigates the current browser window to the provided ``url``.</doc>
<status status="PASS" start="2026-05-20T14:32:57.661018" elapsed="1.538396"/>
</kw>
<kw name="Wait For Page Ready" owner="Common">
<kw name="Sleep" owner="BuiltIn">
<msg time="2026-05-20T14:33:00.704247" level="INFO">Slept 1 second 500 milliseconds.</msg>
<arg>1.5s</arg>
<doc>Pauses the test executed for the given time.</doc>
<status status="PASS" start="2026-05-20T14:32:59.201986" elapsed="1.502687"/>
</kw>
<kw name="Wait Until Keyword Succeeds" owner="BuiltIn">
<kw name="Execute Javascript" owner="SeleniumLibrary">
<msg time="2026-05-20T14:33:00.707682" level="INFO">Executing JavaScript:
return document.readyState == 'complete'
Without any arguments.</msg>
<arg>return document.readyState == 'complete'</arg>
<doc>Executes the given JavaScript code with possible arguments.</doc>
<status status="PASS" start="2026-05-20T14:33:00.707118" elapsed="0.020184"/>
</kw>
<arg>10x</arg>
<arg>1s</arg>
<arg>Execute Javascript</arg>
<arg>return document.readyState == 'complete'</arg>
<doc>Runs the specified keyword and retries if it fails.</doc>
<status status="PASS" start="2026-05-20T14:33:00.705391" elapsed="0.022273"/>
</kw>
<status status="PASS" start="2026-05-20T14:32:59.200602" elapsed="1.527394"/>
</kw>
<status status="PASS" start="2026-05-20T14:32:57.501198" elapsed="3.227043"/>
</kw>
<kw name="Input Login Form" owner="LoginPage">
<kw name="Wait And Input" owner="Common">
<kw name="Wait Until Element Is Visible" owner="SeleniumLibrary">
<arg>${locator}</arg>
<arg>timeout=${TIMEOUT}</arg>
<doc>Waits until the element ``locator`` is visible.</doc>
<status status="PASS" start="2026-05-20T14:33:00.732205" elapsed="0.034977"/>
</kw>
<kw name="Input Text" owner="SeleniumLibrary">
<msg time="2026-05-20T14:33:00.767755" level="INFO">Typing text 'anhtrai@yopmail.com' into text field 'css=input[type="email"], input[name="customer[email]"]'.</msg>
<arg>${locator}</arg>
<arg>${text}</arg>
<doc>Types the given ``text`` into the text field identified by ``locator``.</doc>
<status status="PASS" start="2026-05-20T14:33:00.767402" elapsed="0.216285"/>
</kw>
<arg>${LOGIN_EMAIL}</arg>
<arg>${email}</arg>
<status status="PASS" start="2026-05-20T14:33:00.730974" elapsed="0.252867"/>
</kw>
<kw name="Wait And Input" owner="Common">
<kw name="Wait Until Element Is Visible" owner="SeleniumLibrary">
<arg>${locator}</arg>
<arg>timeout=${TIMEOUT}</arg>
<doc>Waits until the element ``locator`` is visible.</doc>
<status status="PASS" start="2026-05-20T14:33:00.984522" elapsed="0.022395"/>
</kw>
<kw name="Input Text" owner="SeleniumLibrary">
<msg time="2026-05-20T14:33:01.007517" level="INFO">Typing text 'Anhlaso1' into text field 'css=input[type="password"], input[name="customer[password]"]'.</msg>
<arg>${locator}</arg>
<arg>${text}</arg>
<doc>Types the given ``text`` into the text field identified by ``locator``.</doc>
<status status="PASS" start="2026-05-20T14:33:01.007153" elapsed="0.123126"/>
</kw>
<arg>${LOGIN_PASSWORD}</arg>
<arg>${password}</arg>
<status status="PASS" start="2026-05-20T14:33:00.984078" elapsed="0.146548"/>
</kw>
<arg>${NOT_REGISTERED_EMAIL}</arg>
<arg>${VALID_PASSWORD}</arg>
<status status="PASS" start="2026-05-20T14:33:00.729533" elapsed="0.401791"/>
</kw>
<kw name="Click Login Button" owner="LoginPage">
<kw name="Wait And Click" owner="Common">
<kw name="Wait Until Element Is Visible" owner="SeleniumLibrary">
<arg>${locator}</arg>
<arg>timeout=${TIMEOUT}</arg>
<doc>Waits until the element ``locator`` is visible.</doc>
<status status="PASS" start="2026-05-20T14:33:01.135964" elapsed="0.021578"/>
</kw>
<kw name="Click Element" owner="SeleniumLibrary">
<msg time="2026-05-20T14:33:01.158165" level="INFO">Clicking element 'xpath=(//form[contains(@action, '/account/login')]//*[self::button or self::input][@type='submit'])[1]'.</msg>
<arg>${locator}</arg>
<doc>Click the element identified by ``locator``.</doc>
<status status="PASS" start="2026-05-20T14:33:01.157791" elapsed="0.085627"/>
</kw>
<arg>${LOGIN_BUTTON}</arg>
<status status="PASS" start="2026-05-20T14:33:01.133630" elapsed="0.109944"/>
</kw>
<kw name="Wait For Page Ready" owner="Common">
<kw name="Sleep" owner="BuiltIn">
<msg time="2026-05-20T14:33:02.745013" level="INFO">Slept 1 second 500 milliseconds.</msg>
<arg>1.5s</arg>
<doc>Pauses the test executed for the given time.</doc>
<status status="PASS" start="2026-05-20T14:33:01.244167" elapsed="1.501391"/>
</kw>
<kw name="Wait Until Keyword Succeeds" owner="BuiltIn">
<kw name="Execute Javascript" owner="SeleniumLibrary">
<msg time="2026-05-20T14:33:02.751540" level="INFO">Executing JavaScript:
return document.readyState == 'complete'
Without any arguments.</msg>
<arg>return document.readyState == 'complete'</arg>
<doc>Executes the given JavaScript code with possible arguments.</doc>
<status status="PASS" start="2026-05-20T14:33:02.750526" elapsed="0.025791"/>
</kw>
<arg>10x</arg>
<arg>1s</arg>
<arg>Execute Javascript</arg>
<arg>return document.readyState == 'complete'</arg>
<doc>Runs the specified keyword and retries if it fails.</doc>
<status status="PASS" start="2026-05-20T14:33:02.747577" elapsed="0.029084"/>
</kw>
<status status="PASS" start="2026-05-20T14:33:01.243821" elapsed="1.533129"/>
</kw>
<status status="PASS" start="2026-05-20T14:33:01.132157" elapsed="1.645179"/>
</kw>
<kw name="Login Should Be Rejected" owner="LoginPage">
<kw name="Run Keyword And Return Status" owner="BuiltIn">
<kw name="Page Should Contain" owner="SeleniumLibrary">
<msg time="2026-05-20T14:33:02.810962" level="INFO">Current page contains text 'Thông tin đăng nhập không hợp lệ.'.</msg>
<arg>Thông tin đăng nhập không hợp lệ.</arg>
<doc>Verifies that current page contains ``text``.</doc>
<status status="PASS" start="2026-05-20T14:33:02.781757" elapsed="0.029404"/>
</kw>
<msg time="2026-05-20T14:33:02.811501" level="INFO">${status1} = True</msg>
<var>${status1}</var>
<arg>Page Should Contain</arg>
<arg>Thông tin đăng nhập không hợp lệ.</arg>
<doc>Runs the specified keyword and returns the status as a Boolean value.</doc>
<status status="PASS" start="2026-05-20T14:33:02.780211" elapsed="0.031374"/>
</kw>
<kw name="Should Be True" owner="BuiltIn">
<arg>${status1}</arg>
<arg>msg=Lỗi: Hệ thống không hiển thị bất kỳ thông báo cảnh báo nào khi đăng nhập sai!</arg>
<doc>Fails if the given condition is not true.</doc>
<status status="PASS" start="2026-05-20T14:33:02.811957" elapsed="0.000899"/>
</kw>
<status status="PASS" start="2026-05-20T14:33:02.778561" elapsed="0.034754"/>
</kw>
<doc>Kiểm tra hệ thống báo lỗi khi dùng email chưa đăng ký.</doc>
<tag>login</tag>
<tag>negative</tag>
<status status="PASS" start="2026-05-20T14:32:57.499907" elapsed="5.314054"/>
</test>
<kw name="Close Nhen Website" owner="Common" type="TEARDOWN">
<kw name="Close Browser" owner="SeleniumLibrary">
<doc>Closes the current browser.</doc>
<status status="PASS" start="2026-05-20T14:33:02.815828" elapsed="3.387092"/>
</kw>
<status status="PASS" start="2026-05-20T14:33:02.815403" elapsed="3.387831"/>
</kw>
<status status="PASS" start="2026-05-20T14:30:41.234177" elapsed="144.969183"/>
</suite>
<status status="FAIL" start="2026-05-20T14:27:47.889660" elapsed="318.315932"/>
</suite>
<statistics>
<total>
<stat pass="6" fail="3" skip="0">All Tests</stat>
</total>
<tag>
<stat pass="3" fail="0" skip="0">cart</stat>
<stat pass="1" fail="0" skip="0">checkout</stat>
<stat pass="3" fail="3" skip="0">demo</stat>
<stat pass="0" fail="2" skip="0">filter</stat>
<stat pass="0" fail="2" skip="0">known_bug</stat>
<stat pass="3" fail="0" skip="0">login</stat>
<stat pass="2" fail="0" skip="0">negative</stat>
<stat pass="1" fail="0" skip="0">positive</stat>
<stat pass="1" fail="1" skip="0">regression</stat>
<stat pass="2" fail="0" skip="0">smoke</stat>
<stat pass="0" fail="2" skip="0">sort</stat>
</tag>
<suite>
<stat name="Tests" id="s1" pass="6" fail="3" skip="0">Tests</stat>
<stat name="Cart" id="s1-s1" pass="3" fail="0" skip="0">Tests.Cart</stat>
<stat name="FilterSort" id="s1-s2" pass="0" fail="3" skip="0">Tests.FilterSort</stat>
<stat name="Login" id="s1-s3" pass="3" fail="0" skip="0">Tests.Login</stat>
</suite>
</statistics>
<errors>
</errors>
</robot>
